# JRE version: Java(TM) SE Runtime Environment (8.0_45-b15) (build 1.8.0_45-b15)
# Java VM: Java HotSpot(TM) 64-Bit Server VM (25.45-b02 mixed mode windows-amd64 compressed oops)
Heap:
 PSYoungGen      total 111616K, used 104911K [0x00000000f5580000, 0x00000000ff000000, 0x0000000100000000)
  eden space 79360K, 94% used [0x00000000f5580000,0x00000000f9e73a20,0x00000000fa300000)
  from space 32256K, 93% used [0x00000000fa300000,0x00000000fc080480,0x00000000fc280000)
  to   space 36352K, 0% used [0x00000000fcc80000,0x00000000fcc80000,0x00000000ff000000)
 ParOldGen       total 105984K, used 41086K [0x00000000e0000000, 0x00000000e6780000, 0x00000000f5580000)
  object space 105984K, 38% used [0x00000000e0000000,0x00000000e281f8e0,0x00000000e6780000)
 Metaspace       used 88227K, capacity 94930K, committed 95104K, reserved 1130496K
  class space    used 11114K, capacity 13114K, committed 13184K, reserved 1048576K
GC Heap History (10 events):
Event: 4.695 GC heap before
{Heap before GC invocations=14 (full 3):
 PSYoungGen      total 85504K, used 64512K [0x00000000f5580000, 0x00000000fc480000, 0x0000000100000000)
  eden space 64512K, 100% used [0x00000000f5580000,0x00000000f9480000,0x00000000f9480000)
  from space 20992K, 0% used [0x00000000fa880000,0x00000000fa880000,0x00000000fbd00000)
  to   space 20480K, 0% used [0x00000000f9480000,0x00000000f9480000,0x00000000fa880000)
 ParOldGen       total 105984K, used 33113K [0x00000000e0000000, 0x00000000e6780000, 0x00000000f5580000)
  object space 105984K, 31% used [0x00000000e0000000,0x00000000e2056598,0x00000000e6780000)
 Metaspace       used 62568K, capacity 67270K, committed 67328K, reserved 1107968K
  class space    used 7954K, capacity 9433K, committed 9472K, reserved 1048576K
Event: 4.704 GC heap after
Heap after GC invocations=14 (full 3):
 PSYoungGen      total 84992K, used 15607K [0x00000000f5580000, 0x00000000fca00000, 0x0000000100000000)
  eden space 64512K, 0% used [0x00000000f5580000,0x00000000f5580000,0x00000000f9480000)
  from space 20480K, 76% used [0x00000000f9480000,0x00000000fa3bdfb0,0x00000000fa880000)
  to   space 21504K, 0% used [0x00000000fb500000,0x00000000fb500000,0x00000000fca00000)
 ParOldGen       total 105984K, used 33121K [0x00000000e0000000, 0x00000000e6780000, 0x00000000f5580000)
  object space 105984K, 31% used [0x00000000e0000000,0x00000000e2058598,0x00000000e6780000)
 Metaspace       used 62568K, capacity 67270K, committed 67328K, reserved 1107968K
  class space    used 7954K, capacity 9433K, committed 9472K, reserved 1048576K
}
Event: 13.672 GC heap before
{Heap before GC invocations=15 (full 3):
 PSYoungGen      total 84992K, used 80119K [0x00000000f5580000, 0x00000000fca00000, 0x0000000100000000)
  eden space 64512K, 100% used [0x00000000f5580000,0x00000000f9480000,0x00000000f9480000)
  from space 20480K, 76% used [0x00000000f9480000,0x00000000fa3bdfb0,0x00000000fa880000)
  to   space 21504K, 0% used [0x00000000fb500000,0x00000000fb500000,0x00000000fca00000)
 ParOldGen       total 105984K, used 33121K [0x00000000e0000000, 0x00000000e6780000, 0x00000000f5580000)
  object space 105984K, 31% used [0x00000000e0000000,0x00000000e2058598,0x00000000e6780000)
 Metaspace       used 67204K, capacity 72304K, committed 72448K, reserved 1112064K
  class space    used 8558K, capacity 10233K, committed 10240K, reserved 1048576K
Event: 13.682 GC heap after
Heap after GC invocations=15 (full 3):
 PSYoungGen      total 95744K, used 16150K [0x00000000f5580000, 0x00000000fca00000, 0x0000000100000000)
  eden space 74240K, 0% used [0x00000000f5580000,0x00000000f5580000,0x00000000f9e00000)
  from space 21504K, 75% used [0x00000000fb500000,0x00000000fc4c5b80,0x00000000fca00000)
  to   space 22528K, 0% used [0x00000000f9e00000,0x00000000f9e00000,0x00000000fb400000)
 ParOldGen       total 105984K, used 33129K [0x00000000e0000000, 0x00000000e6780000, 0x00000000f5580000)
  object space 105984K, 31% used [0x00000000e0000000,0x00000000e205a598,0x00000000e6780000)
 Metaspace       used 67204K, capacity 72304K, committed 72448K, reserved 1112064K
  class space    used 8558K, capacity 10233K, committed 10240K, reserved 1048576K
}
Event: 26.533 GC heap before
{Heap before GC invocations=16 (full 3):
 PSYoungGen      total 95744K, used 90390K [0x00000000f5580000, 0x00000000fca00000, 0x0000000100000000)
  eden space 74240K, 100% used [0x00000000f5580000,0x00000000f9e00000,0x00000000f9e00000)
  from space 21504K, 75% used [0x00000000fb500000,0x00000000fc4c5b80,0x00000000fca00000)
  to   space 22528K, 0% used [0x00000000f9e00000,0x00000000f9e00000,0x00000000fb400000)
 ParOldGen       total 105984K, used 33129K [0x00000000e0000000, 0x00000000e6780000, 0x00000000f5580000)
  object space 105984K, 31% used [0x00000000e0000000,0x00000000e205a598,0x00000000e6780000)
 Metaspace       used 76284K, capacity 82580K, committed 82816K, reserved 1120256K
  class space    used 9678K, capacity 11568K, committed 11648K, reserved 1048576K
Event: 26.544 GC heap after
Heap after GC invocations=16 (full 3):
 PSYoungGen      total 96768K, used 22511K [0x00000000f5580000, 0x00000000fde00000, 0x0000000100000000)
  eden space 74240K, 0% used [0x00000000f5580000,0x00000000f5580000,0x00000000f9e00000)
  from space 22528K, 99% used [0x00000000f9e00000,0x00000000fb3fbdf0,0x00000000fb400000)
  to   space 28160K, 0% used [0x00000000fc280000,0x00000000fc280000,0x00000000fde00000)
 ParOldGen       total 105984K, used 40522K [0x00000000e0000000, 0x00000000e6780000, 0x00000000f5580000)
  object space 105984K, 38% used [0x00000000e0000000,0x00000000e2792a68,0x00000000e6780000)
 Metaspace       used 76284K, capacity 82580K, committed 82816K, reserved 1120256K
  class space    used 9678K, capacity 11568K, committed 11648K, reserved 1048576K
}
Event: 80.842 GC heap before
{Heap before GC invocations=17 (full 3):
 PSYoungGen      total 96768K, used 96751K [0x00000000f5580000, 0x00000000fde00000, 0x0000000100000000)
  eden space 74240K, 100% used [0x00000000f5580000,0x00000000f9e00000,0x00000000f9e00000)
  from space 22528K, 99% used [0x00000000f9e00000,0x00000000fb3fbdf0,0x00000000fb400000)
  to   space 28160K, 0% used [0x00000000fc280000,0x00000000fc280000,0x00000000fde00000)
 ParOldGen       total 105984K, used 40522K [0x00000000e0000000, 0x00000000e6780000, 0x00000000f5580000)
  object space 105984K, 38% used [0x00000000e0000000,0x00000000e2792a68,0x00000000e6780000)
 Metaspace       used 81063K, capacity 87556K, committed 87680K, reserved 1124352K
  class space    used 10298K, capacity 12344K, committed 12416K, reserved 1048576K
Event: 80.853 GC heap after
Heap after GC invocations=17 (full 3):
 PSYoungGen      total 107520K, used 28150K [0x00000000f5580000, 0x00000000fe400000, 0x0000000100000000)
  eden space 79360K, 0% used [0x00000000f5580000,0x00000000f5580000,0x00000000fa300000)
  from space 28160K, 99% used [0x00000000fc280000,0x00000000fddfd918,0x00000000fde00000)
  to   space 32256K, 0% used [0x00000000fa300000,0x00000000fa300000,0x00000000fc280000)
 ParOldGen       total 105984K, used 41078K [0x00000000e0000000, 0x00000000e6780000, 0x00000000f5580000)
  object space 105984K, 38% used [0x00000000e0000000,0x00000000e281d8e0,0x00000000e6780000)
 Metaspace       used 81063K, capacity 87556K, committed 87680K, reserved 1124352K
  class space    used 10298K, capacity 12344K, committed 12416K, reserved 1048576K
}
Event: 145.363 GC heap before
{Heap before GC invocations=18 (full 3):
 PSYoungGen      total 107520K, used 107510K [0x00000000f5580000, 0x00000000fe400000, 0x0000000100000000)
  eden space 79360K, 100% used [0x00000000f5580000,0x00000000fa300000,0x00000000fa300000)
  from space 28160K, 99% used [0x00000000fc280000,0x00000000fddfd918,0x00000000fde00000)
  to   space 32256K, 0% used [0x00000000fa300000,0x00000000fa300000,0x00000000fc280000)
 ParOldGen       total 105984K, used 41078K [0x00000000e0000000, 0x00000000e6780000, 0x00000000f5580000)
  object space 105984K, 38% used [0x00000000e0000000,0x00000000e281d8e0,0x00000000e6780000)
 Metaspace       used 84468K, capacity 91380K, committed 91648K, reserved 1128448K
  class space    used 10637K, capacity 12721K, committed 12800K, reserved 1048576K
Event: 145.375 GC heap after
Heap after GC invocations=18 (full 3):
 PSYoungGen      total 111616K, used 30209K [0x00000000f5580000, 0x00000000ff000000, 0x0000000100000000)
  eden space 79360K, 0% used [0x00000000f5580000,0x00000000f5580000,0x00000000fa300000)
  from space 32256K, 93% used [0x00000000fa300000,0x00000000fc080480,0x00000000fc280000)
  to   space 36352K, 0% used [0x00000000fcc80000,0x00000000fcc80000,0x00000000ff000000)
 ParOldGen       total 105984K, used 41086K [0x00000000e0000000, 0x00000000e6780000, 0x00000000f5580000)
  object space 105984K, 38% used [0x00000000e0000000,0x00000000e281f8e0,0x00000000e6780000)
 Metaspace       used 84468K, capacity 91380K, committed 91648K, reserved 1128448K
  class space    used 10637K, capacity 12721K, committed 12800K, reserved 1048576K
}

