# JRE version: Java(TM) SE Runtime Environment (8.0_66-b18) (build 1.8.0_66-b18)
# Java VM: Java HotSpot(TM) 64-Bit Server VM (25.66-b18 mixed mode windows-amd64 compressed oops)
Heap:
 PSYoungGen      total 126464K, used 108322K [0x00000000f5580000, 0x00000000fef80000, 0x0000000100000000)
  eden space 98304K, 93% used [0x00000000f5580000,0x00000000faf01f50,0x00000000fb580000)
  from space 28160K, 59% used [0x00000000fd400000,0x00000000fe446ae8,0x00000000fef80000)
  to   space 29696K, 0% used [0x00000000fb580000,0x00000000fb580000,0x00000000fd280000)
 ParOldGen       total 138240K, used 49638K [0x00000000e0000000, 0x00000000e8700000, 0x00000000f5580000)
  object space 138240K, 35% used [0x00000000e0000000,0x00000000e3079908,0x00000000e8700000)
 Metaspace       used 70880K, capacity 76518K, committed 76696K, reserved 1116160K
  class space    used 8797K, capacity 10598K, committed 10672K, reserved 1048576K
GC Heap History (10 events):
Event: 1.896 GC heap before
{Heap before GC invocations=7 (full 2):
 PSYoungGen      total 68096K, used 2554K [0x00000000f5580000, 0x00000000fd080000, 0x0000000100000000)
  eden space 65536K, 0% used [0x00000000f5580000,0x00000000f5580000,0x00000000f9580000)
  from space 2560K, 99% used [0x00000000f9580000,0x00000000f97fea10,0x00000000f9800000)
  to   space 20992K, 0% used [0x00000000fbc00000,0x00000000fbc00000,0x00000000fd080000)
 ParOldGen       total 60416K, used 38162K [0x00000000e0000000, 0x00000000e3b00000, 0x00000000f5580000)
  object space 60416K, 63% used [0x00000000e0000000,0x00000000e2544b68,0x00000000e3b00000)
 Metaspace       used 32723K, capacity 35392K, committed 35496K, reserved 1081344K
  class space    used 3830K, capacity 4634K, committed 4656K, reserved 1048576K
Event: 1.949 GC heap after
Heap after GC invocations=7 (full 2):
 PSYoungGen      total 68096K, used 0K [0x00000000f5580000, 0x00000000fd080000, 0x0000000100000000)
  eden space 65536K, 0% used [0x00000000f5580000,0x00000000f5580000,0x00000000f9580000)
  from space 2560K, 0% used [0x00000000f9580000,0x00000000f9580000,0x00000000f9800000)
  to   space 20992K, 0% used [0x00000000fbc00000,0x00000000fbc00000,0x00000000fd080000)
 ParOldGen       total 99328K, used 32889K [0x00000000e0000000, 0x00000000e6100000, 0x00000000f5580000)
  object space 99328K, 33% used [0x00000000e0000000,0x00000000e201e518,0x00000000e6100000)
 Metaspace       used 32723K, capacity 35392K, committed 35496K, reserved 1081344K
  class space    used 3830K, capacity 4634K, committed 4656K, reserved 1048576K
}
Event: 3.098 GC heap before
{Heap before GC invocations=8 (full 2):
 PSYoungGen      total 68096K, used 65536K [0x00000000f5580000, 0x00000000fd080000, 0x0000000100000000)
  eden space 65536K, 100% used [0x00000000f5580000,0x00000000f9580000,0x00000000f9580000)
  from space 2560K, 0% used [0x00000000f9580000,0x00000000f9580000,0x00000000f9800000)
  to   space 20992K, 0% used [0x00000000fbc00000,0x00000000fbc00000,0x00000000fd080000)
 ParOldGen       total 99328K, used 32889K [0x00000000e0000000, 0x00000000e6100000, 0x00000000f5580000)
  object space 99328K, 33% used [0x00000000e0000000,0x00000000e201e518,0x00000000e6100000)
 Metaspace       used 43970K, capacity 47336K, committed 47408K, reserved 1089536K
  class space    used 5282K, capacity 6432K, committed 6448K, reserved 1048576K
Event: 3.106 GC heap after
Heap after GC invocations=8 (full 2):
 PSYoungGen      total 101888K, used 18098K [0x00000000f5580000, 0x00000000fd400000, 0x0000000100000000)
  eden space 80896K, 0% used [0x00000000f5580000,0x00000000f5580000,0x00000000fa480000)
  from space 20992K, 86% used [0x00000000fbc00000,0x00000000fcdacb70,0x00000000fd080000)
  to   space 24064K, 0% used [0x00000000fa480000,0x00000000fa480000,0x00000000fbc00000)
 ParOldGen       total 99328K, used 32897K [0x00000000e0000000, 0x00000000e6100000, 0x00000000f5580000)
  object space 99328K, 33% used [0x00000000e0000000,0x00000000e2020518,0x00000000e6100000)
 Metaspace       used 43970K, capacity 47336K, committed 47408K, reserved 1089536K
  class space    used 5282K, capacity 6432K, committed 6448K, reserved 1048576K
}
Event: 3.986 GC heap before
{Heap before GC invocations=9 (full 2):
 PSYoungGen      total 101888K, used 85737K [0x00000000f5580000, 0x00000000fd400000, 0x0000000100000000)
  eden space 80896K, 83% used [0x00000000f5580000,0x00000000f978daf0,0x00000000fa480000)
  from space 20992K, 86% used [0x00000000fbc00000,0x00000000fcdacb70,0x00000000fd080000)
  to   space 24064K, 0% used [0x00000000fa480000,0x00000000fa480000,0x00000000fbc00000)
 ParOldGen       total 99328K, used 32897K [0x00000000e0000000, 0x00000000e6100000, 0x00000000f5580000)
  object space 99328K, 33% used [0x00000000e0000000,0x00000000e2020518,0x00000000e6100000)
 Metaspace       used 55150K, capacity 59110K, committed 59160K, reserved 1099776K
  class space    used 6719K, capacity 7977K, committed 7984K, reserved 1048576K
Event: 3.996 GC heap after
Heap after GC invocations=9 (full 2):
 PSYoungGen      total 104960K, used 24056K [0x00000000f5580000, 0x00000000ff180000, 0x0000000100000000)
  eden space 80896K, 0% used [0x00000000f5580000,0x00000000f5580000,0x00000000fa480000)
  from space 24064K, 99% used [0x00000000fa480000,0x00000000fbbfe2d0,0x00000000fbc00000)
  to   space 30208K, 0% used [0x00000000fd400000,0x00000000fd400000,0x00000000ff180000)
 ParOldGen       total 99328K, used 36174K [0x00000000e0000000, 0x00000000e6100000, 0x00000000f5580000)
  object space 99328K, 36% used [0x00000000e0000000,0x00000000e2353ab0,0x00000000e6100000)
 Metaspace       used 55150K, capacity 59110K, committed 59160K, reserved 1099776K
  class space    used 6719K, capacity 7977K, committed 7984K, reserved 1048576K
}
Event: 3.996 GC heap before
{Heap before GC invocations=10 (full 3):
 PSYoungGen      total 104960K, used 24056K [0x00000000f5580000, 0x00000000ff180000, 0x0000000100000000)
  eden space 80896K, 0% used [0x00000000f5580000,0x00000000f5580000,0x00000000fa480000)
  from space 24064K, 99% used [0x00000000fa480000,0x00000000fbbfe2d0,0x00000000fbc00000)
  to   space 30208K, 0% used [0x00000000fd400000,0x00000000fd400000,0x00000000ff180000)
 ParOldGen       total 99328K, used 36174K [0x00000000e0000000, 0x00000000e6100000, 0x00000000f5580000)
  object space 99328K, 36% used [0x00000000e0000000,0x00000000e2353ab0,0x00000000e6100000)
 Metaspace       used 55150K, capacity 59110K, committed 59160K, reserved 1099776K
  class space    used 6719K, capacity 7977K, committed 7984K, reserved 1048576K
Event: 4.132 GC heap after
Heap after GC invocations=10 (full 3):
 PSYoungGen      total 104960K, used 0K [0x00000000f5580000, 0x00000000ff180000, 0x0000000100000000)
  eden space 80896K, 0% used [0x00000000f5580000,0x00000000f5580000,0x00000000fa480000)
  from space 24064K, 0% used [0x00000000fa480000,0x00000000fa480000,0x00000000fbc00000)
  to   space 30208K, 0% used [0x00000000fd400000,0x00000000fd400000,0x00000000ff180000)
 ParOldGen       total 138240K, used 49557K [0x00000000e0000000, 0x00000000e8700000, 0x00000000f5580000)
  object space 138240K, 35% used [0x00000000e0000000,0x00000000e3065690,0x00000000e8700000)
 Metaspace       used 55150K, capacity 59110K, committed 59160K, reserved 1099776K
  class space    used 6719K, capacity 7977K, committed 7984K, reserved 1048576K
}
Event: 4.537 GC heap before
{Heap before GC invocations=11 (full 3):
 PSYoungGen      total 104960K, used 80896K [0x00000000f5580000, 0x00000000ff180000, 0x0000000100000000)
  eden space 80896K, 100% used [0x00000000f5580000,0x00000000fa480000,0x00000000fa480000)
  from space 24064K, 0% used [0x00000000fa480000,0x00000000fa480000,0x00000000fbc00000)
  to   space 30208K, 0% used [0x00000000fd400000,0x00000000fd400000,0x00000000ff180000)
 ParOldGen       total 138240K, used 49630K [0x00000000e0000000, 0x00000000e8700000, 0x00000000f5580000)
  object space 138240K, 35% used [0x00000000e0000000,0x00000000e3077908,0x00000000e8700000)
 Metaspace       used 62169K, capacity 66926K, committed 67224K, reserved 1107968K
  class space    used 7705K, capacity 9057K, committed 9136K, reserved 1048576K
Event: 4.545 GC heap after
Heap after GC invocations=11 (full 3):
 PSYoungGen      total 126464K, used 16666K [0x00000000f5580000, 0x00000000fef80000, 0x0000000100000000)
  eden space 98304K, 0% used [0x00000000f5580000,0x00000000f5580000,0x00000000fb580000)
  from space 28160K, 59% used [0x00000000fd400000,0x00000000fe446ae8,0x00000000fef80000)
  to   space 29696K, 0% used [0x00000000fb580000,0x00000000fb580000,0x00000000fd280000)
 ParOldGen       total 138240K, used 49638K [0x00000000e0000000, 0x00000000e8700000, 0x00000000f5580000)
  object space 138240K, 35% used [0x00000000e0000000,0x00000000e3079908,0x00000000e8700000)
 Metaspace       used 62169K, capacity 66926K, committed 67224K, reserved 1107968K
  class space    used 7705K, capacity 9057K, committed 9136K, reserved 1048576K
}

