# JRE version: Java(TM) SE Runtime Environment (8.0_45-b15) (build 1.8.0_45-b15)
# Java VM: Java HotSpot(TM) 64-Bit Server VM (25.45-b02 mixed mode windows-amd64 compressed oops)
Heap:
 PSYoungGen      total 118784K, used 104547K [0x00000000f5580000, 0x00000000ffc80000, 0x0000000100000000)
  eden space 90624K, 84% used [0x00000000f5580000,0x00000000fa01c738,0x00000000fae00000)
  from space 28160K, 99% used [0x00000000fae00000,0x00000000fc97c6b0,0x00000000fc980000)
  to   space 34816K, 0% used [0x00000000fda80000,0x00000000fda80000,0x00000000ffc80000)
 ParOldGen       total 102912K, used 41433K [0x00000000e0000000, 0x00000000e6480000, 0x00000000f5580000)
  object space 102912K, 40% used [0x00000000e0000000,0x00000000e2876648,0x00000000e6480000)
 Metaspace       used 84014K, capacity 90898K, committed 91008K, reserved 1128448K
  class space    used 10519K, capacity 12608K, committed 12672K, reserved 1048576K
GC Heap History (10 events):
Event: 4.017 GC heap before
{Heap before GC invocations=14 (full 3):
 PSYoungGen      total 86528K, used 65536K [0x00000000f5580000, 0x00000000fc700000, 0x0000000100000000)
  eden space 65536K, 100% used [0x00000000f5580000,0x00000000f9580000,0x00000000f9580000)
  from space 20992K, 0% used [0x00000000fa980000,0x00000000fa980000,0x00000000fbe00000)
  to   space 20480K, 0% used [0x00000000f9580000,0x00000000f9580000,0x00000000fa980000)
 ParOldGen       total 102912K, used 32903K [0x00000000e0000000, 0x00000000e6480000, 0x00000000f5580000)
  object space 102912K, 31% used [0x00000000e0000000,0x00000000e2021c28,0x00000000e6480000)
 Metaspace       used 60181K, capacity 64824K, committed 65152K, reserved 1105920K
  class space    used 7671K, capacity 9019K, committed 9088K, reserved 1048576K
Event: 4.023 GC heap after
Heap after GC invocations=14 (full 3):
 PSYoungGen      total 86016K, used 15370K [0x00000000f5580000, 0x00000000fcf00000, 0x0000000100000000)
  eden space 65536K, 0% used [0x00000000f5580000,0x00000000f5580000,0x00000000f9580000)
  from space 20480K, 75% used [0x00000000f9580000,0x00000000fa482a08,0x00000000fa980000)
  to   space 20992K, 0% used [0x00000000fba80000,0x00000000fba80000,0x00000000fcf00000)
 ParOldGen       total 102912K, used 32911K [0x00000000e0000000, 0x00000000e6480000, 0x00000000f5580000)
  object space 102912K, 31% used [0x00000000e0000000,0x00000000e2023c28,0x00000000e6480000)
 Metaspace       used 60181K, capacity 64824K, committed 65152K, reserved 1105920K
  class space    used 7671K, capacity 9019K, committed 9088K, reserved 1048576K
}
Event: 10.136 GC heap before
{Heap before GC invocations=15 (full 3):
 PSYoungGen      total 86016K, used 80906K [0x00000000f5580000, 0x00000000fcf00000, 0x0000000100000000)
  eden space 65536K, 100% used [0x00000000f5580000,0x00000000f9580000,0x00000000f9580000)
  from space 20480K, 75% used [0x00000000f9580000,0x00000000fa482a08,0x00000000fa980000)
  to   space 20992K, 0% used [0x00000000fba80000,0x00000000fba80000,0x00000000fcf00000)
 ParOldGen       total 102912K, used 32911K [0x00000000e0000000, 0x00000000e6480000, 0x00000000f5580000)
  object space 102912K, 31% used [0x00000000e0000000,0x00000000e2023c28,0x00000000e6480000)
 Metaspace       used 68371K, capacity 73964K, committed 74240K, reserved 1114112K
  class space    used 8771K, capacity 10462K, committed 10496K, reserved 1048576K
Event: 10.149 GC heap after
Heap after GC invocations=15 (full 3):
 PSYoungGen      total 99840K, used 20988K [0x00000000f5580000, 0x00000000fd380000, 0x0000000100000000)
  eden space 78848K, 0% used [0x00000000f5580000,0x00000000f5580000,0x00000000fa280000)
  from space 20992K, 99% used [0x00000000fba80000,0x00000000fceff350,0x00000000fcf00000)
  to   space 24576K, 0% used [0x00000000fa280000,0x00000000fa280000,0x00000000fba80000)
 ParOldGen       total 102912K, used 34361K [0x00000000e0000000, 0x00000000e6480000, 0x00000000f5580000)
  object space 102912K, 33% used [0x00000000e0000000,0x00000000e218e748,0x00000000e6480000)
 Metaspace       used 68371K, capacity 73964K, committed 74240K, reserved 1114112K
  class space    used 8771K, capacity 10462K, committed 10496K, reserved 1048576K
}
Event: 68.633 GC heap before
{Heap before GC invocations=16 (full 3):
 PSYoungGen      total 99840K, used 99836K [0x00000000f5580000, 0x00000000fd380000, 0x0000000100000000)
  eden space 78848K, 100% used [0x00000000f5580000,0x00000000fa280000,0x00000000fa280000)
  from space 20992K, 99% used [0x00000000fba80000,0x00000000fceff350,0x00000000fcf00000)
  to   space 24576K, 0% used [0x00000000fa280000,0x00000000fa280000,0x00000000fba80000)
 ParOldGen       total 102912K, used 34361K [0x00000000e0000000, 0x00000000e6480000, 0x00000000f5580000)
  object space 102912K, 33% used [0x00000000e0000000,0x00000000e218e748,0x00000000e6480000)
 Metaspace       used 70473K, capacity 76100K, committed 76288K, reserved 1114112K
  class space    used 8955K, capacity 10705K, committed 10752K, reserved 1048576K
Event: 68.640 GC heap after
Heap after GC invocations=16 (full 3):
 PSYoungGen      total 103424K, used 19854K [0x00000000f5580000, 0x00000000fe380000, 0x0000000100000000)
  eden space 78848K, 0% used [0x00000000f5580000,0x00000000f5580000,0x00000000fa280000)
  from space 24576K, 80% used [0x00000000fa280000,0x00000000fb5e3898,0x00000000fba80000)
  to   space 26112K, 0% used [0x00000000fca00000,0x00000000fca00000,0x00000000fe380000)
 ParOldGen       total 102912K, used 34369K [0x00000000e0000000, 0x00000000e6480000, 0x00000000f5580000)
  object space 102912K, 33% used [0x00000000e0000000,0x00000000e2190748,0x00000000e6480000)
 Metaspace       used 70473K, capacity 76100K, committed 76288K, reserved 1114112K
  class space    used 8955K, capacity 10705K, committed 10752K, reserved 1048576K
}
Event: 192.671 GC heap before
{Heap before GC invocations=17 (full 3):
 PSYoungGen      total 103424K, used 98702K [0x00000000f5580000, 0x00000000fe380000, 0x0000000100000000)
  eden space 78848K, 100% used [0x00000000f5580000,0x00000000fa280000,0x00000000fa280000)
  from space 24576K, 80% used [0x00000000fa280000,0x00000000fb5e3898,0x00000000fba80000)
  to   space 26112K, 0% used [0x00000000fca00000,0x00000000fca00000,0x00000000fe380000)
 ParOldGen       total 102912K, used 34369K [0x00000000e0000000, 0x00000000e6480000, 0x00000000f5580000)
  object space 102912K, 33% used [0x00000000e0000000,0x00000000e2190748,0x00000000e6480000)
 Metaspace       used 71824K, capacity 77484K, committed 77696K, reserved 1116160K
  class space    used 9060K, capacity 10805K, committed 10880K, reserved 1048576K
Event: 192.683 GC heap after
Heap after GC invocations=17 (full 3):
 PSYoungGen      total 116736K, used 22547K [0x00000000f5580000, 0x00000000fe500000, 0x0000000100000000)
  eden space 90624K, 0% used [0x00000000f5580000,0x00000000f5580000,0x00000000fae00000)
  from space 26112K, 86% used [0x00000000fca00000,0x00000000fe004d18,0x00000000fe380000)
  to   space 28160K, 0% used [0x00000000fae00000,0x00000000fae00000,0x00000000fc980000)
 ParOldGen       total 102912K, used 34377K [0x00000000e0000000, 0x00000000e6480000, 0x00000000f5580000)
  object space 102912K, 33% used [0x00000000e0000000,0x00000000e2192748,0x00000000e6480000)
 Metaspace       used 71824K, capacity 77484K, committed 77696K, reserved 1116160K
  class space    used 9060K, capacity 10805K, committed 10880K, reserved 1048576K
}
Event: 212.166 GC heap before
{Heap before GC invocations=18 (full 3):
 PSYoungGen      total 116736K, used 113171K [0x00000000f5580000, 0x00000000fe500000, 0x0000000100000000)
  eden space 90624K, 100% used [0x00000000f5580000,0x00000000fae00000,0x00000000fae00000)
  from space 26112K, 86% used [0x00000000fca00000,0x00000000fe004d18,0x00000000fe380000)
  to   space 28160K, 0% used [0x00000000fae00000,0x00000000fae00000,0x00000000fc980000)
 ParOldGen       total 102912K, used 34377K [0x00000000e0000000, 0x00000000e6480000, 0x00000000f5580000)
  object space 102912K, 33% used [0x00000000e0000000,0x00000000e2192748,0x00000000e6480000)
 Metaspace       used 80115K, capacity 86606K, committed 86784K, reserved 1124352K
  class space    used 9994K, capacity 12013K, committed 12032K, reserved 1048576K
Event: 212.186 GC heap after
Heap after GC invocations=18 (full 3):
 PSYoungGen      total 118784K, used 28145K [0x00000000f5580000, 0x00000000ffc80000, 0x0000000100000000)
  eden space 90624K, 0% used [0x00000000f5580000,0x00000000f5580000,0x00000000fae00000)
  from space 28160K, 99% used [0x00000000fae00000,0x00000000fc97c6b0,0x00000000fc980000)
  to   space 34816K, 0% used [0x00000000fda80000,0x00000000fda80000,0x00000000ffc80000)
 ParOldGen       total 102912K, used 41433K [0x00000000e0000000, 0x00000000e6480000, 0x00000000f5580000)
  object space 102912K, 40% used [0x00000000e0000000,0x00000000e2876648,0x00000000e6480000)
 Metaspace       used 80115K, capacity 86606K, committed 86784K, reserved 1124352K
  class space    used 9994K, capacity 12013K, committed 12032K, reserved 1048576K
}

