# JRE version: Java(TM) SE Runtime Environment (8.0_66-b18) (build 1.8.0_66-b18)
# Java VM: Java HotSpot(TM) 64-Bit Server VM (25.66-b18 mixed mode windows-amd64 compressed oops)
Heap:
 PSYoungGen      total 80896K, used 57417K [0x00000000f5580000, 0x00000000fde80000, 0x0000000100000000)
  eden space 72704K, 78% used [0x00000000f5580000,0x00000000f8d92438,0x00000000f9c80000)
  from space 8192K, 0% used [0x00000000f9c80000,0x00000000f9c80000,0x00000000fa480000)
  to   space 33792K, 0% used [0x00000000fbd80000,0x00000000fbd80000,0x00000000fde80000)
 ParOldGen       total 121856K, used 67004K [0x00000000e0000000, 0x00000000e7700000, 0x00000000f5580000)
  object space 121856K, 54% used [0x00000000e0000000,0x00000000e416f130,0x00000000e7700000)
 Metaspace       used 91119K, capacity 98132K, committed 98584K, reserved 1134592K
  class space    used 11071K, capacity 13233K, committed 13360K, reserved 1048576K
GC Heap History (10 events):
Event: 76.504 GC heap before
{Heap before GC invocations=20 (full 4):
 PSYoungGen      total 105472K, used 22273K [0x00000000f5580000, 0x00000000fdf80000, 0x0000000100000000)
  eden space 71168K, 0% used [0x00000000f5580000,0x00000000f5580000,0x00000000f9b00000)
  from space 34304K, 64% used [0x00000000fbd00000,0x00000000fd2c0798,0x00000000fde80000)
  to   space 34816K, 0% used [0x00000000f9b00000,0x00000000f9b00000,0x00000000fbd00000)
 ParOldGen       total 121856K, used 45440K [0x00000000e0000000, 0x00000000e7700000, 0x00000000f5580000)
  object space 121856K, 37% used [0x00000000e0000000,0x00000000e2c60148,0x00000000e7700000)
 Metaspace       used 87243K, capacity 94300K, committed 94488K, reserved 1130496K
  class space    used 10669K, capacity 12798K, committed 12848K, reserved 1048576K
Event: 76.815 GC heap after
Heap after GC invocations=20 (full 4):
 PSYoungGen      total 105472K, used 0K [0x00000000f5580000, 0x00000000fdf80000, 0x0000000100000000)
  eden space 71168K, 0% used [0x00000000f5580000,0x00000000f5580000,0x00000000f9b00000)
  from space 34304K, 0% used [0x00000000fbd00000,0x00000000fbd00000,0x00000000fde80000)
  to   space 34816K, 0% used [0x00000000f9b00000,0x00000000f9b00000,0x00000000fbd00000)
 ParOldGen       total 121856K, used 62127K [0x00000000e0000000, 0x00000000e7700000, 0x00000000f5580000)
  object space 121856K, 50% used [0x00000000e0000000,0x00000000e3cabce8,0x00000000e7700000)
 Metaspace       used 87243K, capacity 94300K, committed 94488K, reserved 1130496K
  class space    used 10669K, capacity 12798K, committed 12848K, reserved 1048576K
}
Event: 86.421 GC heap before
{Heap before GC invocations=21 (full 4):
 PSYoungGen      total 105472K, used 71168K [0x00000000f5580000, 0x00000000fdf80000, 0x0000000100000000)
  eden space 71168K, 100% used [0x00000000f5580000,0x00000000f9b00000,0x00000000f9b00000)
  from space 34304K, 0% used [0x00000000fbd00000,0x00000000fbd00000,0x00000000fde80000)
  to   space 34816K, 0% used [0x00000000f9b00000,0x00000000f9b00000,0x00000000fbd00000)
 ParOldGen       total 121856K, used 62127K [0x00000000e0000000, 0x00000000e7700000, 0x00000000f5580000)
  object space 121856K, 50% used [0x00000000e0000000,0x00000000e3cabce8,0x00000000e7700000)
 Metaspace       used 88497K, capacity 95488K, committed 95768K, reserved 1132544K
  class space    used 10873K, capacity 13026K, committed 13104K, reserved 1048576K
Event: 86.426 GC heap after
Heap after GC invocations=21 (full 4):
 PSYoungGen      total 105984K, used 5096K [0x00000000f5580000, 0x00000000fe300000, 0x0000000100000000)
  eden space 71168K, 0% used [0x00000000f5580000,0x00000000f5580000,0x00000000f9b00000)
  from space 34816K, 14% used [0x00000000f9b00000,0x00000000f9ffa010,0x00000000fbd00000)
  to   space 35328K, 0% used [0x00000000fc080000,0x00000000fc080000,0x00000000fe300000)
 ParOldGen       total 121856K, used 62135K [0x00000000e0000000, 0x00000000e7700000, 0x00000000f5580000)
  object space 121856K, 50% used [0x00000000e0000000,0x00000000e3cadce8,0x00000000e7700000)
 Metaspace       used 88497K, capacity 95488K, committed 95768K, reserved 1132544K
  class space    used 10873K, capacity 13026K, committed 13104K, reserved 1048576K
}
Event: 105.724 GC heap before
{Heap before GC invocations=22 (full 4):
 PSYoungGen      total 105984K, used 76264K [0x00000000f5580000, 0x00000000fe300000, 0x0000000100000000)
  eden space 71168K, 100% used [0x00000000f5580000,0x00000000f9b00000,0x00000000f9b00000)
  from space 34816K, 14% used [0x00000000f9b00000,0x00000000f9ffa010,0x00000000fbd00000)
  to   space 35328K, 0% used [0x00000000fc080000,0x00000000fc080000,0x00000000fe300000)
 ParOldGen       total 121856K, used 62135K [0x00000000e0000000, 0x00000000e7700000, 0x00000000f5580000)
  object space 121856K, 50% used [0x00000000e0000000,0x00000000e3cadce8,0x00000000e7700000)
 Metaspace       used 89015K, capacity 96006K, committed 96280K, reserved 1132544K
  class space    used 10888K, capacity 13027K, committed 13104K, reserved 1048576K
Event: 105.728 GC heap after
Heap after GC invocations=22 (full 4):
 PSYoungGen      total 105472K, used 7123K [0x00000000f5580000, 0x00000000fe080000, 0x0000000100000000)
  eden space 72704K, 0% used [0x00000000f5580000,0x00000000f5580000,0x00000000f9c80000)
  from space 32768K, 21% used [0x00000000fc080000,0x00000000fc774fb8,0x00000000fe080000)
  to   space 34816K, 0% used [0x00000000f9c80000,0x00000000f9c80000,0x00000000fbe80000)
 ParOldGen       total 121856K, used 62143K [0x00000000e0000000, 0x00000000e7700000, 0x00000000f5580000)
  object space 121856K, 50% used [0x00000000e0000000,0x00000000e3cafce8,0x00000000e7700000)
 Metaspace       used 89015K, capacity 96006K, committed 96280K, reserved 1132544K
  class space    used 10888K, capacity 13027K, committed 13104K, reserved 1048576K
}
Event: 148.146 GC heap before
{Heap before GC invocations=23 (full 4):
 PSYoungGen      total 105472K, used 60184K [0x00000000f5580000, 0x00000000fe080000, 0x0000000100000000)
  eden space 72704K, 72% used [0x00000000f5580000,0x00000000f89510d8,0x00000000f9c80000)
  from space 32768K, 21% used [0x00000000fc080000,0x00000000fc774fb8,0x00000000fe080000)
  to   space 34816K, 0% used [0x00000000f9c80000,0x00000000f9c80000,0x00000000fbe80000)
 ParOldGen       total 121856K, used 62143K [0x00000000e0000000, 0x00000000e7700000, 0x00000000f5580000)
  object space 121856K, 50% used [0x00000000e0000000,0x00000000e3cafce8,0x00000000e7700000)
 Metaspace       used 89880K, capacity 97014K, committed 97304K, reserved 1134592K
  class space    used 10950K, capacity 13099K, committed 13104K, reserved 1048576K
Event: 148.156 GC heap after
Heap after GC invocations=23 (full 4):
 PSYoungGen      total 80896K, used 8115K [0x00000000f5580000, 0x00000000fde80000, 0x0000000100000000)
  eden space 72704K, 0% used [0x00000000f5580000,0x00000000f5580000,0x00000000f9c80000)
  from space 8192K, 99% used [0x00000000f9c80000,0x00000000fa46ce50,0x00000000fa480000)
  to   space 33792K, 0% used [0x00000000fbd80000,0x00000000fbd80000,0x00000000fde80000)
 ParOldGen       total 121856K, used 62151K [0x00000000e0000000, 0x00000000e7700000, 0x00000000f5580000)
  object space 121856K, 51% used [0x00000000e0000000,0x00000000e3cb1ce8,0x00000000e7700000)
 Metaspace       used 89880K, capacity 97014K, committed 97304K, reserved 1134592K
  class space    used 10950K, capacity 13099K, committed 13104K, reserved 1048576K
}
Event: 148.156 GC heap before
{Heap before GC invocations=24 (full 5):
 PSYoungGen      total 80896K, used 8115K [0x00000000f5580000, 0x00000000fde80000, 0x0000000100000000)
  eden space 72704K, 0% used [0x00000000f5580000,0x00000000f5580000,0x00000000f9c80000)
  from space 8192K, 99% used [0x00000000f9c80000,0x00000000fa46ce50,0x00000000fa480000)
  to   space 33792K, 0% used [0x00000000fbd80000,0x00000000fbd80000,0x00000000fde80000)
 ParOldGen       total 121856K, used 62151K [0x00000000e0000000, 0x00000000e7700000, 0x00000000f5580000)
  object space 121856K, 51% used [0x00000000e0000000,0x00000000e3cb1ce8,0x00000000e7700000)
 Metaspace       used 89880K, capacity 97014K, committed 97304K, reserved 1134592K
  class space    used 10950K, capacity 13099K, committed 13104K, reserved 1048576K
Event: 148.440 GC heap after
Heap after GC invocations=24 (full 5):
 PSYoungGen      total 80896K, used 0K [0x00000000f5580000, 0x00000000fde80000, 0x0000000100000000)
  eden space 72704K, 0% used [0x00000000f5580000,0x00000000f5580000,0x00000000f9c80000)
  from space 8192K, 0% used [0x00000000f9c80000,0x00000000f9c80000,0x00000000fa480000)
  to   space 33792K, 0% used [0x00000000fbd80000,0x00000000fbd80000,0x00000000fde80000)
 ParOldGen       total 121856K, used 67004K [0x00000000e0000000, 0x00000000e7700000, 0x00000000f5580000)
  object space 121856K, 54% used [0x00000000e0000000,0x00000000e416f130,0x00000000e7700000)
 Metaspace       used 89880K, capacity 97014K, committed 97304K, reserved 1134592K
  class space    used 10950K, capacity 13099K, committed 13104K, reserved 1048576K
}

