# JRE version: Java(TM) SE Runtime Environment (8.0_45-b15) (build 1.8.0_45-b15)
# Java VM: Java HotSpot(TM) 64-Bit Server VM (25.45-b02 mixed mode windows-amd64 compressed oops)
Heap:
 PSYoungGen      total 125440K, used 52169K [0x00000000f5580000, 0x00000000ff080000, 0x0000000100000000)
  eden space 92160K, 45% used [0x00000000f5580000,0x00000000f7eca9c8,0x00000000faf80000)
  from space 33280K, 29% used [0x00000000faf80000,0x00000000fb927d98,0x00000000fd000000)
  to   space 32256K, 0% used [0x00000000fd100000,0x00000000fd100000,0x00000000ff080000)
 ParOldGen       total 109056K, used 64701K [0x00000000e0000000, 0x00000000e6a80000, 0x00000000f5580000)
  object space 109056K, 59% used [0x00000000e0000000,0x00000000e3f2f678,0x00000000e6a80000)
 Metaspace       used 92676K, capacity 99614K, committed 99840K, reserved 1136640K
  class space    used 11453K, capacity 13529K, committed 13568K, reserved 1048576K
GC Heap History (10 events):
Event: 325.974 GC heap before
{Heap before GC invocations=22 (full 4):
 PSYoungGen      total 123904K, used 96616K [0x00000000f5580000, 0x00000000ff700000, 0x0000000100000000)
  eden space 87552K, 100% used [0x00000000f5580000,0x00000000fab00000,0x00000000fab00000)
  from space 36352K, 24% used [0x00000000fab00000,0x00000000fb3da210,0x00000000fce80000)
  to   space 35840K, 0% used [0x00000000fd400000,0x00000000fd400000,0x00000000ff700000)
 ParOldGen       total 109056K, used 62569K [0x00000000e0000000, 0x00000000e6a80000, 0x00000000f5580000)
  object space 109056K, 57% used [0x00000000e0000000,0x00000000e3d1a670,0x00000000e6a80000)
 Metaspace       used 82861K, capacity 89494K, committed 89728K, reserved 1126400K
  class space    used 10244K, capacity 12295K, committed 12416K, reserved 1048576K
Event: 325.979 GC heap after
Heap after GC invocations=22 (full 4):
 PSYoungGen      total 122368K, used 9417K [0x00000000f5580000, 0x00000000ff280000, 0x0000000100000000)
  eden space 91136K, 0% used [0x00000000f5580000,0x00000000f5580000,0x00000000fae80000)
  from space 31232K, 30% used [0x00000000fd400000,0x00000000fdd32798,0x00000000ff280000)
  to   space 34816K, 0% used [0x00000000fae80000,0x00000000fae80000,0x00000000fd080000)
 ParOldGen       total 109056K, used 62641K [0x00000000e0000000, 0x00000000e6a80000, 0x00000000f5580000)
  object space 109056K, 57% used [0x00000000e0000000,0x00000000e3d2c680,0x00000000e6a80000)
 Metaspace       used 82861K, capacity 89494K, committed 89728K, reserved 1126400K
  class space    used 10244K, capacity 12295K, committed 12416K, reserved 1048576K
}
Event: 347.296 GC heap before
{Heap before GC invocations=23 (full 4):
 PSYoungGen      total 122368K, used 54170K [0x00000000f5580000, 0x00000000ff280000, 0x0000000100000000)
  eden space 91136K, 49% used [0x00000000f5580000,0x00000000f8134198,0x00000000fae80000)
  from space 31232K, 30% used [0x00000000fd400000,0x00000000fdd32798,0x00000000ff280000)
  to   space 34816K, 0% used [0x00000000fae80000,0x00000000fae80000,0x00000000fd080000)
 ParOldGen       total 109056K, used 62641K [0x00000000e0000000, 0x00000000e6a80000, 0x00000000f5580000)
  object space 109056K, 57% used [0x00000000e0000000,0x00000000e3d2c680,0x00000000e6a80000)
 Metaspace       used 83365K, capacity 90082K, committed 90240K, reserved 1126400K
  class space    used 10273K, capacity 12341K, committed 12416K, reserved 1048576K
Event: 347.301 GC heap after
Heap after GC invocations=23 (full 4):
 PSYoungGen      total 99840K, used 8461K [0x00000000f5580000, 0x00000000ff180000, 0x0000000100000000)
  eden space 91136K, 0% used [0x00000000f5580000,0x00000000f5580000,0x00000000fae80000)
  from space 8704K, 97% used [0x00000000fae80000,0x00000000fb6c3478,0x00000000fb700000)
  to   space 34304K, 0% used [0x00000000fd000000,0x00000000fd000000,0x00000000ff180000)
 ParOldGen       total 109056K, used 62649K [0x00000000e0000000, 0x00000000e6a80000, 0x00000000f5580000)
  object space 109056K, 57% used [0x00000000e0000000,0x00000000e3d2e680,0x00000000e6a80000)
 Metaspace       used 83365K, capacity 90082K, committed 90240K, reserved 1126400K
  class space    used 10273K, capacity 12341K, committed 12416K, reserved 1048576K
}
Event: 347.301 GC heap before
{Heap before GC invocations=24 (full 5):
 PSYoungGen      total 99840K, used 8461K [0x00000000f5580000, 0x00000000ff180000, 0x0000000100000000)
  eden space 91136K, 0% used [0x00000000f5580000,0x00000000f5580000,0x00000000fae80000)
  from space 8704K, 97% used [0x00000000fae80000,0x00000000fb6c3478,0x00000000fb700000)
  to   space 34304K, 0% used [0x00000000fd000000,0x00000000fd000000,0x00000000ff180000)
 ParOldGen       total 109056K, used 62649K [0x00000000e0000000, 0x00000000e6a80000, 0x00000000f5580000)
  object space 109056K, 57% used [0x00000000e0000000,0x00000000e3d2e680,0x00000000e6a80000)
 Metaspace       used 83365K, capacity 90082K, committed 90240K, reserved 1126400K
  class space    used 10273K, capacity 12341K, committed 12416K, reserved 1048576K
Event: 347.607 GC heap after
Heap after GC invocations=24 (full 5):
 PSYoungGen      total 99840K, used 0K [0x00000000f5580000, 0x00000000ff180000, 0x0000000100000000)
  eden space 91136K, 0% used [0x00000000f5580000,0x00000000f5580000,0x00000000fae80000)
  from space 8704K, 0% used [0x00000000fae80000,0x00000000fae80000,0x00000000fb700000)
  to   space 34304K, 0% used [0x00000000fd000000,0x00000000fd000000,0x00000000ff180000)
 ParOldGen       total 109056K, used 64685K [0x00000000e0000000, 0x00000000e6a80000, 0x00000000f5580000)
  object space 109056K, 59% used [0x00000000e0000000,0x00000000e3f2b678,0x00000000e6a80000)
 Metaspace       used 83365K, capacity 90082K, committed 90240K, reserved 1126400K
  class space    used 10273K, capacity 12341K, committed 12416K, reserved 1048576K
}
Event: 385.148 GC heap before
{Heap before GC invocations=25 (full 5):
 PSYoungGen      total 99840K, used 91136K [0x00000000f5580000, 0x00000000ff180000, 0x0000000100000000)
  eden space 91136K, 100% used [0x00000000f5580000,0x00000000fae80000,0x00000000fae80000)
  from space 8704K, 0% used [0x00000000fae80000,0x00000000fae80000,0x00000000fb700000)
  to   space 34304K, 0% used [0x00000000fd000000,0x00000000fd000000,0x00000000ff180000)
 ParOldGen       total 109056K, used 64685K [0x00000000e0000000, 0x00000000e6a80000, 0x00000000f5580000)
  object space 109056K, 59% used [0x00000000e0000000,0x00000000e3f2b678,0x00000000e6a80000)
 Metaspace       used 87654K, capacity 94510K, committed 94720K, reserved 1130496K
  class space    used 10896K, capacity 13026K, committed 13056K, reserved 1048576K
Event: 385.152 GC heap after
Heap after GC invocations=25 (full 5):
 PSYoungGen      total 126464K, used 6927K [0x00000000f5580000, 0x00000000ff200000, 0x0000000100000000)
  eden space 92160K, 0% used [0x00000000f5580000,0x00000000f5580000,0x00000000faf80000)
  from space 34304K, 20% used [0x00000000fd000000,0x00000000fd6c3d90,0x00000000ff180000)
  to   space 33280K, 0% used [0x00000000faf80000,0x00000000faf80000,0x00000000fd000000)
 ParOldGen       total 109056K, used 64693K [0x00000000e0000000, 0x00000000e6a80000, 0x00000000f5580000)
  object space 109056K, 59% used [0x00000000e0000000,0x00000000e3f2d678,0x00000000e6a80000)
 Metaspace       used 87654K, capacity 94510K, committed 94720K, reserved 1130496K
  class space    used 10896K, capacity 13026K, committed 13056K, reserved 1048576K
}
Event: 417.866 GC heap before
{Heap before GC invocations=26 (full 5):
 PSYoungGen      total 126464K, used 99087K [0x00000000f5580000, 0x00000000ff200000, 0x0000000100000000)
  eden space 92160K, 100% used [0x00000000f5580000,0x00000000faf80000,0x00000000faf80000)
  from space 34304K, 20% used [0x00000000fd000000,0x00000000fd6c3d90,0x00000000ff180000)
  to   space 33280K, 0% used [0x00000000faf80000,0x00000000faf80000,0x00000000fd000000)
 ParOldGen       total 109056K, used 64693K [0x00000000e0000000, 0x00000000e6a80000, 0x00000000f5580000)
  object space 109056K, 59% used [0x00000000e0000000,0x00000000e3f2d678,0x00000000e6a80000)
 Metaspace       used 91829K, capacity 98796K, committed 99072K, reserved 1134592K
  class space    used 11364K, capacity 13492K, committed 13568K, reserved 1048576K
Event: 417.872 GC heap after
Heap after GC invocations=26 (full 5):
 PSYoungGen      total 125440K, used 9887K [0x00000000f5580000, 0x00000000ff080000, 0x0000000100000000)
  eden space 92160K, 0% used [0x00000000f5580000,0x00000000f5580000,0x00000000faf80000)
  from space 33280K, 29% used [0x00000000faf80000,0x00000000fb927d98,0x00000000fd000000)
  to   space 32256K, 0% used [0x00000000fd100000,0x00000000fd100000,0x00000000ff080000)
 ParOldGen       total 109056K, used 64701K [0x00000000e0000000, 0x00000000e6a80000, 0x00000000f5580000)
  object space 109056K, 59% used [0x00000000e0000000,0x00000000e3f2f678,0x00000000e6a80000)
 Metaspace       used 91829K, capacity 98796K, committed 99072K, reserved 1134592K
  class space    used 11364K, capacity 13492K, committed 13568K, reserved 1048576K
}

