# JRE version: Java(TM) SE Runtime Environment (8.0_45-b15) (build 1.8.0_45-b15)
# Java VM: Java HotSpot(TM) 64-Bit Server VM (25.45-b02 mixed mode windows-amd64 compressed oops)
Heap:
 PSYoungGen      total 104960K, used 74625K [0x00000000f5580000, 0x00000000fdd00000, 0x0000000100000000)
  eden space 77312K, 73% used [0x00000000f5580000,0x00000000f8cf7488,0x00000000fa100000)
  from space 27648K, 64% used [0x00000000fc200000,0x00000000fd369058,0x00000000fdd00000)
  to   space 30720K, 0% used [0x00000000fa100000,0x00000000fa100000,0x00000000fbf00000)
 ParOldGen       total 101888K, used 63893K [0x00000000e0000000, 0x00000000e6380000, 0x00000000f5580000)
  object space 101888K, 62% used [0x00000000e0000000,0x00000000e3e657a0,0x00000000e6380000)
 Metaspace       used 92174K, capacity 98932K, committed 99200K, reserved 1134592K
  class space    used 11196K, capacity 13336K, committed 13440K, reserved 1048576K
GC Heap History (10 events):
Event: 272.480 GC heap before
{Heap before GC invocations=26 (full 4):
 PSYoungGen      total 100864K, used 100748K [0x00000000f5580000, 0x00000000ff800000, 0x0000000100000000)
  eden space 88576K, 100% used [0x00000000f5580000,0x00000000fac00000,0x00000000fac00000)
  from space 12288K, 99% used [0x00000000fae80000,0x00000000fba63278,0x00000000fba80000)
  to   space 38912K, 0% used [0x00000000fd200000,0x00000000fd200000,0x00000000ff800000)
 ParOldGen       total 101888K, used 63853K [0x00000000e0000000, 0x00000000e6380000, 0x00000000f5580000)
  object space 101888K, 62% used [0x00000000e0000000,0x00000000e3e5b7a0,0x00000000e6380000)
 Metaspace       used 90036K, capacity 96988K, committed 97280K, reserved 1132544K
  class space    used 11053K, capacity 13199K, committed 13312K, reserved 1048576K
Event: 272.488 GC heap after
Heap after GC invocations=26 (full 4):
 PSYoungGen      total 118272K, used 14491K [0x00000000f5580000, 0x00000000ff180000, 0x0000000100000000)
  eden space 86016K, 0% used [0x00000000f5580000,0x00000000f5580000,0x00000000fa980000)
  from space 32256K, 44% used [0x00000000fd200000,0x00000000fe026fc0,0x00000000ff180000)
  to   space 36864K, 0% used [0x00000000fa980000,0x00000000fa980000,0x00000000fcd80000)
 ParOldGen       total 101888K, used 63861K [0x00000000e0000000, 0x00000000e6380000, 0x00000000f5580000)
  object space 101888K, 62% used [0x00000000e0000000,0x00000000e3e5d7a0,0x00000000e6380000)
 Metaspace       used 90036K, capacity 96988K, committed 97280K, reserved 1132544K
  class space    used 11053K, capacity 13199K, committed 13312K, reserved 1048576K
}
Event: 318.757 GC heap before
{Heap before GC invocations=27 (full 4):
 PSYoungGen      total 118272K, used 100507K [0x00000000f5580000, 0x00000000ff180000, 0x0000000100000000)
  eden space 86016K, 100% used [0x00000000f5580000,0x00000000fa980000,0x00000000fa980000)
  from space 32256K, 44% used [0x00000000fd200000,0x00000000fe026fc0,0x00000000ff180000)
  to   space 36864K, 0% used [0x00000000fa980000,0x00000000fa980000,0x00000000fcd80000)
 ParOldGen       total 101888K, used 63861K [0x00000000e0000000, 0x00000000e6380000, 0x00000000f5580000)
  object space 101888K, 62% used [0x00000000e0000000,0x00000000e3e5d7a0,0x00000000e6380000)
 Metaspace       used 90581K, capacity 97596K, committed 98048K, reserved 1134592K
  class space    used 11085K, capacity 13231K, committed 13312K, reserved 1048576K
Event: 318.764 GC heap after
Heap after GC invocations=27 (full 4):
 PSYoungGen      total 99840K, used 16036K [0x00000000f5580000, 0x00000000feb00000, 0x0000000100000000)
  eden space 83456K, 0% used [0x00000000f5580000,0x00000000f5580000,0x00000000fa700000)
  from space 16384K, 97% used [0x00000000fa980000,0x00000000fb929040,0x00000000fb980000)
  to   space 34816K, 0% used [0x00000000fc900000,0x00000000fc900000,0x00000000feb00000)
 ParOldGen       total 101888K, used 63869K [0x00000000e0000000, 0x00000000e6380000, 0x00000000f5580000)
  object space 101888K, 62% used [0x00000000e0000000,0x00000000e3e5f7a0,0x00000000e6380000)
 Metaspace       used 90581K, capacity 97596K, committed 98048K, reserved 1134592K
  class space    used 11085K, capacity 13231K, committed 13312K, reserved 1048576K
}
Event: 339.537 GC heap before
{Heap before GC invocations=28 (full 4):
 PSYoungGen      total 99840K, used 99492K [0x00000000f5580000, 0x00000000feb00000, 0x0000000100000000)
  eden space 83456K, 100% used [0x00000000f5580000,0x00000000fa700000,0x00000000fa700000)
  from space 16384K, 97% used [0x00000000fa980000,0x00000000fb929040,0x00000000fb980000)
  to   space 34816K, 0% used [0x00000000fc900000,0x00000000fc900000,0x00000000feb00000)
 ParOldGen       total 101888K, used 63869K [0x00000000e0000000, 0x00000000e6380000, 0x00000000f5580000)
  object space 101888K, 62% used [0x00000000e0000000,0x00000000e3e5f7a0,0x00000000e6380000)
 Metaspace       used 90843K, capacity 98050K, committed 98304K, reserved 1134592K
  class space    used 11091K, capacity 13232K, committed 13312K, reserved 1048576K
Event: 339.543 GC heap after
Heap after GC invocations=28 (full 4):
 PSYoungGen      total 110080K, used 15622K [0x00000000f5580000, 0x00000000fe500000, 0x0000000100000000)
  eden space 81408K, 0% used [0x00000000f5580000,0x00000000f5580000,0x00000000fa500000)
  from space 28672K, 54% used [0x00000000fc900000,0x00000000fd8418a8,0x00000000fe500000)
  to   space 32768K, 0% used [0x00000000fa500000,0x00000000fa500000,0x00000000fc500000)
 ParOldGen       total 101888K, used 63877K [0x00000000e0000000, 0x00000000e6380000, 0x00000000f5580000)
  object space 101888K, 62% used [0x00000000e0000000,0x00000000e3e617a0,0x00000000e6380000)
 Metaspace       used 90843K, capacity 98050K, committed 98304K, reserved 1134592K
  class space    used 11091K, capacity 13232K, committed 13312K, reserved 1048576K
}
Event: 387.645 GC heap before
{Heap before GC invocations=29 (full 4):
 PSYoungGen      total 110080K, used 97030K [0x00000000f5580000, 0x00000000fe500000, 0x0000000100000000)
  eden space 81408K, 100% used [0x00000000f5580000,0x00000000fa500000,0x00000000fa500000)
  from space 28672K, 54% used [0x00000000fc900000,0x00000000fd8418a8,0x00000000fe500000)
  to   space 32768K, 0% used [0x00000000fa500000,0x00000000fa500000,0x00000000fc500000)
 ParOldGen       total 101888K, used 63877K [0x00000000e0000000, 0x00000000e6380000, 0x00000000f5580000)
  object space 101888K, 62% used [0x00000000e0000000,0x00000000e3e617a0,0x00000000e6380000)
 Metaspace       used 91126K, capacity 98114K, committed 98560K, reserved 1134592K
  class space    used 11110K, capacity 13232K, committed 13312K, reserved 1048576K
Event: 387.651 GC heap after
Heap after GC invocations=29 (full 4):
 PSYoungGen      total 96768K, used 17087K [0x00000000f5580000, 0x00000000fe100000, 0x0000000100000000)
  eden space 79360K, 0% used [0x00000000f5580000,0x00000000f5580000,0x00000000fa300000)
  from space 17408K, 98% used [0x00000000fa500000,0x00000000fb5afe28,0x00000000fb600000)
  to   space 31744K, 0% used [0x00000000fc200000,0x00000000fc200000,0x00000000fe100000)
 ParOldGen       total 101888K, used 63885K [0x00000000e0000000, 0x00000000e6380000, 0x00000000f5580000)
  object space 101888K, 62% used [0x00000000e0000000,0x00000000e3e637a0,0x00000000e6380000)
 Metaspace       used 91126K, capacity 98114K, committed 98560K, reserved 1134592K
  class space    used 11110K, capacity 13232K, committed 13312K, reserved 1048576K
}
Event: 460.708 GC heap before
{Heap before GC invocations=30 (full 4):
 PSYoungGen      total 96768K, used 96447K [0x00000000f5580000, 0x00000000fe100000, 0x0000000100000000)
  eden space 79360K, 100% used [0x00000000f5580000,0x00000000fa300000,0x00000000fa300000)
  from space 17408K, 98% used [0x00000000fa500000,0x00000000fb5afe28,0x00000000fb600000)
  to   space 31744K, 0% used [0x00000000fc200000,0x00000000fc200000,0x00000000fe100000)
 ParOldGen       total 101888K, used 63885K [0x00000000e0000000, 0x00000000e6380000, 0x00000000f5580000)
  object space 101888K, 62% used [0x00000000e0000000,0x00000000e3e637a0,0x00000000e6380000)
 Metaspace       used 91408K, capacity 98372K, committed 98816K, reserved 1134592K
  class space    used 11115K, capacity 13234K, committed 13312K, reserved 1048576K
Event: 460.714 GC heap after
Heap after GC invocations=30 (full 4):
 PSYoungGen      total 104960K, used 17828K [0x00000000f5580000, 0x00000000fdd00000, 0x0000000100000000)
  eden space 77312K, 0% used [0x00000000f5580000,0x00000000f5580000,0x00000000fa100000)
  from space 27648K, 64% used [0x00000000fc200000,0x00000000fd369058,0x00000000fdd00000)
  to   space 30720K, 0% used [0x00000000fa100000,0x00000000fa100000,0x00000000fbf00000)
 ParOldGen       total 101888K, used 63893K [0x00000000e0000000, 0x00000000e6380000, 0x00000000f5580000)
  object space 101888K, 62% used [0x00000000e0000000,0x00000000e3e657a0,0x00000000e6380000)
 Metaspace       used 91408K, capacity 98372K, committed 98816K, reserved 1134592K
  class space    used 11115K, capacity 13234K, committed 13312K, reserved 1048576K
}

