# JRE version: Java(TM) SE Runtime Environment (8.0_66-b18) (build 1.8.0_66-b18)
# Java VM: Java HotSpot(TM) 64-Bit Server VM (25.66-b18 mixed mode windows-amd64 compressed oops)
Heap:
 PSYoungGen      total 96768K, used 35256K [0x00000000f5580000, 0x00000000fdc00000, 0x0000000100000000)
  eden space 66560K, 52% used [0x00000000f5580000,0x00000000f77ee3d8,0x00000000f9680000)
  from space 30208K, 0% used [0x00000000fb780000,0x00000000fb780000,0x00000000fd500000)
  to   space 33792K, 0% used [0x00000000f9680000,0x00000000f9680000,0x00000000fb780000)
 ParOldGen       total 122880K, used 67189K [0x00000000e0000000, 0x00000000e7800000, 0x00000000f5580000)
  object space 122880K, 54% used [0x00000000e0000000,0x00000000e419d4c0,0x00000000e7800000)
 Metaspace       used 85787K, capacity 92776K, committed 92928K, reserved 1130496K
  class space    used 10507K, capacity 12728K, committed 12800K, reserved 1048576K
GC Heap History (10 events):
Event: 4.464 GC heap before
{Heap before GC invocations=14 (full 3):
 PSYoungGen      total 81408K, used 58880K [0x00000000f5580000, 0x00000000fc380000, 0x0000000100000000)
  eden space 58880K, 100% used [0x00000000f5580000,0x00000000f8f00000,0x00000000f8f00000)
  from space 22528K, 0% used [0x00000000fa780000,0x00000000fa780000,0x00000000fbd80000)
  to   space 25088K, 0% used [0x00000000f8f00000,0x00000000f8f00000,0x00000000fa780000)
 ParOldGen       total 122880K, used 43117K [0x00000000e0000000, 0x00000000e7800000, 0x00000000f5580000)
  object space 122880K, 35% used [0x00000000e0000000,0x00000000e2a1b7d0,0x00000000e7800000)
 Metaspace       used 61570K, capacity 66014K, committed 66176K, reserved 1105920K
  class space    used 7627K, capacity 9049K, committed 9088K, reserved 1048576K
Event: 4.469 GC heap after
Heap after GC invocations=14 (full 3):
 PSYoungGen      total 83968K, used 12491K [0x00000000f5580000, 0x00000000fc500000, 0x0000000100000000)
  eden space 58880K, 0% used [0x00000000f5580000,0x00000000f5580000,0x00000000f8f00000)
  from space 25088K, 49% used [0x00000000f8f00000,0x00000000f9b32f68,0x00000000fa780000)
  to   space 24064K, 0% used [0x00000000fad80000,0x00000000fad80000,0x00000000fc500000)
 ParOldGen       total 122880K, used 43125K [0x00000000e0000000, 0x00000000e7800000, 0x00000000f5580000)
  object space 122880K, 35% used [0x00000000e0000000,0x00000000e2a1d7d0,0x00000000e7800000)
 Metaspace       used 61570K, capacity 66014K, committed 66176K, reserved 1105920K
  class space    used 7627K, capacity 9049K, committed 9088K, reserved 1048576K
}
Event: 5.566 GC heap before
{Heap before GC invocations=15 (full 3):
 PSYoungGen      total 83968K, used 71371K [0x00000000f5580000, 0x00000000fc500000, 0x0000000100000000)
  eden space 58880K, 100% used [0x00000000f5580000,0x00000000f8f00000,0x00000000f8f00000)
  from space 25088K, 49% used [0x00000000f8f00000,0x00000000f9b32f68,0x00000000fa780000)
  to   space 24064K, 0% used [0x00000000fad80000,0x00000000fad80000,0x00000000fc500000)
 ParOldGen       total 122880K, used 43125K [0x00000000e0000000, 0x00000000e7800000, 0x00000000f5580000)
  object space 122880K, 35% used [0x00000000e0000000,0x00000000e2a1d7d0,0x00000000e7800000)
 Metaspace       used 67558K, capacity 73276K, committed 73472K, reserved 1112064K
  class space    used 8421K, capacity 10135K, committed 10240K, reserved 1048576K
Event: 5.573 GC heap after
Heap after GC invocations=15 (full 3):
 PSYoungGen      total 88576K, used 19240K [0x00000000f5580000, 0x00000000fc780000, 0x0000000100000000)
  eden space 64512K, 0% used [0x00000000f5580000,0x00000000f5580000,0x00000000f9480000)
  from space 24064K, 79% used [0x00000000fad80000,0x00000000fc04a2e0,0x00000000fc500000)
  to   space 25600K, 0% used [0x00000000f9480000,0x00000000f9480000,0x00000000fad80000)
 ParOldGen       total 122880K, used 43133K [0x00000000e0000000, 0x00000000e7800000, 0x00000000f5580000)
  object space 122880K, 35% used [0x00000000e0000000,0x00000000e2a1f7d0,0x00000000e7800000)
 Metaspace       used 67558K, capacity 73276K, committed 73472K, reserved 1112064K
  class space    used 8421K, capacity 10135K, committed 10240K, reserved 1048576K
}
Event: 31.316 GC heap before
{Heap before GC invocations=16 (full 3):
 PSYoungGen      total 88576K, used 83752K [0x00000000f5580000, 0x00000000fc780000, 0x0000000100000000)
  eden space 64512K, 100% used [0x00000000f5580000,0x00000000f9480000,0x00000000f9480000)
  from space 24064K, 79% used [0x00000000fad80000,0x00000000fc04a2e0,0x00000000fc500000)
  to   space 25600K, 0% used [0x00000000f9480000,0x00000000f9480000,0x00000000fad80000)
 ParOldGen       total 122880K, used 43133K [0x00000000e0000000, 0x00000000e7800000, 0x00000000f5580000)
  object space 122880K, 35% used [0x00000000e0000000,0x00000000e2a1f7d0,0x00000000e7800000)
 Metaspace       used 78838K, capacity 85452K, committed 85760K, reserved 1124352K
  class space    used 9645K, capacity 11690K, committed 11776K, reserved 1048576K
Event: 31.324 GC heap after
Heap after GC invocations=16 (full 3):
 PSYoungGen      total 90112K, used 25591K [0x00000000f5580000, 0x00000000fd500000, 0x0000000100000000)
  eden space 64512K, 0% used [0x00000000f5580000,0x00000000f5580000,0x00000000f9480000)
  from space 25600K, 99% used [0x00000000f9480000,0x00000000fad7deb0,0x00000000fad80000)
  to   space 30208K, 0% used [0x00000000fb780000,0x00000000fb780000,0x00000000fd500000)
 ParOldGen       total 122880K, used 46035K [0x00000000e0000000, 0x00000000e7800000, 0x00000000f5580000)
  object space 122880K, 37% used [0x00000000e0000000,0x00000000e2cf4ce8,0x00000000e7800000)
 Metaspace       used 78838K, capacity 85452K, committed 85760K, reserved 1124352K
  class space    used 9645K, capacity 11690K, committed 11776K, reserved 1048576K
}
Event: 62.060 GC heap before
{Heap before GC invocations=17 (full 3):
 PSYoungGen      total 90112K, used 86708K [0x00000000f5580000, 0x00000000fd500000, 0x0000000100000000)
  eden space 64512K, 94% used [0x00000000f5580000,0x00000000f912f498,0x00000000f9480000)
  from space 25600K, 99% used [0x00000000f9480000,0x00000000fad7deb0,0x00000000fad80000)
  to   space 30208K, 0% used [0x00000000fb780000,0x00000000fb780000,0x00000000fd500000)
 ParOldGen       total 122880K, used 46035K [0x00000000e0000000, 0x00000000e7800000, 0x00000000f5580000)
  object space 122880K, 37% used [0x00000000e0000000,0x00000000e2cf4ce8,0x00000000e7800000)
 Metaspace       used 84490K, capacity 91592K, committed 91904K, reserved 1128448K
  class space    used 10378K, capacity 12531K, committed 12544K, reserved 1048576K
Event: 62.072 GC heap after
Heap after GC invocations=17 (full 3):
 PSYoungGen      total 96768K, used 27725K [0x00000000f5580000, 0x00000000fdc00000, 0x0000000100000000)
  eden space 66560K, 0% used [0x00000000f5580000,0x00000000f5580000,0x00000000f9680000)
  from space 30208K, 91% used [0x00000000fb780000,0x00000000fd293680,0x00000000fd500000)
  to   space 33792K, 0% used [0x00000000f9680000,0x00000000f9680000,0x00000000fb780000)
 ParOldGen       total 122880K, used 46043K [0x00000000e0000000, 0x00000000e7800000, 0x00000000f5580000)
  object space 122880K, 37% used [0x00000000e0000000,0x00000000e2cf6ce8,0x00000000e7800000)
 Metaspace       used 84490K, capacity 91592K, committed 91904K, reserved 1128448K
  class space    used 10378K, capacity 12531K, committed 12544K, reserved 1048576K
}
Event: 62.072 GC heap before
{Heap before GC invocations=18 (full 4):
 PSYoungGen      total 96768K, used 27725K [0x00000000f5580000, 0x00000000fdc00000, 0x0000000100000000)
  eden space 66560K, 0% used [0x00000000f5580000,0x00000000f5580000,0x00000000f9680000)
  from space 30208K, 91% used [0x00000000fb780000,0x00000000fd293680,0x00000000fd500000)
  to   space 33792K, 0% used [0x00000000f9680000,0x00000000f9680000,0x00000000fb780000)
 ParOldGen       total 122880K, used 46043K [0x00000000e0000000, 0x00000000e7800000, 0x00000000f5580000)
  object space 122880K, 37% used [0x00000000e0000000,0x00000000e2cf6ce8,0x00000000e7800000)
 Metaspace       used 84490K, capacity 91592K, committed 91904K, reserved 1128448K
  class space    used 10378K, capacity 12531K, committed 12544K, reserved 1048576K
Event: 62.398 GC heap after
Heap after GC invocations=18 (full 4):
 PSYoungGen      total 96768K, used 0K [0x00000000f5580000, 0x00000000fdc00000, 0x0000000100000000)
  eden space 66560K, 0% used [0x00000000f5580000,0x00000000f5580000,0x00000000f9680000)
  from space 30208K, 0% used [0x00000000fb780000,0x00000000fb780000,0x00000000fd500000)
  to   space 33792K, 0% used [0x00000000f9680000,0x00000000f9680000,0x00000000fb780000)
 ParOldGen       total 122880K, used 67189K [0x00000000e0000000, 0x00000000e7800000, 0x00000000f5580000)
  object space 122880K, 54% used [0x00000000e0000000,0x00000000e419d4c0,0x00000000e7800000)
 Metaspace       used 84490K, capacity 91592K, committed 91904K, reserved 1128448K
  class space    used 10378K, capacity 12531K, committed 12544K, reserved 1048576K
}

