# JRE version: Java(TM) SE Runtime Environment (8.0_66-b18) (build 1.8.0_66-b18)
# Java VM: Java HotSpot(TM) 64-Bit Server VM (25.66-b18 mixed mode windows-amd64 compressed oops)
Heap:
 PSYoungGen      total 99328K, used 46352K [0x00000000f5580000, 0x00000000fdc00000, 0x0000000100000000)
  eden space 62976K, 35% used [0x00000000f5580000,0x00000000f6b19c18,0x00000000f9300000)
  from space 36352K, 66% used [0x00000000fb880000,0x00000000fd02a6d0,0x00000000fdc00000)
  to   space 37376K, 0% used [0x00000000f9300000,0x00000000f9300000,0x00000000fb780000)
 ParOldGen       total 121344K, used 42359K [0x00000000e0000000, 0x00000000e7680000, 0x00000000f5580000)
  object space 121344K, 34% used [0x00000000e0000000,0x00000000e295dd90,0x00000000e7680000)
 Metaspace       used 86054K, capacity 92270K, committed 92504K, reserved 1130496K
  class space    used 10328K, capacity 12374K, committed 12376K, reserved 1048576K
GC Heap History (10 events):
Event: 30.264 GC heap before
{Heap before GC invocations=17 (full 3):
 PSYoungGen      total 91648K, used 90265K [0x00000000f5580000, 0x00000000fd400000, 0x0000000100000000)
  eden space 65536K, 100% used [0x00000000f5580000,0x00000000f9580000,0x00000000f9580000)
  from space 26112K, 94% used [0x00000000f9580000,0x00000000fada6518,0x00000000faf00000)
  to   space 29184K, 0% used [0x00000000fb780000,0x00000000fb780000,0x00000000fd400000)
 ParOldGen       total 121344K, used 42319K [0x00000000e0000000, 0x00000000e7680000, 0x00000000f5580000)
  object space 121344K, 34% used [0x00000000e0000000,0x00000000e2953d90,0x00000000e7680000)
 Metaspace       used 80033K, capacity 86472K, committed 86616K, reserved 1124352K
  class space    used 9753K, capacity 11750K, committed 11864K, reserved 1048576K
Event: 30.272 GC heap after
Heap after GC invocations=17 (full 3):
 PSYoungGen      total 98816K, used 22082K [0x00000000f5580000, 0x00000000fd600000, 0x0000000100000000)
  eden space 69632K, 0% used [0x00000000f5580000,0x00000000f5580000,0x00000000f9980000)
  from space 29184K, 75% used [0x00000000fb780000,0x00000000fcd109d8,0x00000000fd400000)
  to   space 30720K, 0% used [0x00000000f9980000,0x00000000f9980000,0x00000000fb780000)
 ParOldGen       total 121344K, used 42327K [0x00000000e0000000, 0x00000000e7680000, 0x00000000f5580000)
  object space 121344K, 34% used [0x00000000e0000000,0x00000000e2955d90,0x00000000e7680000)
 Metaspace       used 80033K, capacity 86472K, committed 86616K, reserved 1124352K
  class space    used 9753K, capacity 11750K, committed 11864K, reserved 1048576K
}
Event: 242.086 GC heap before
{Heap before GC invocations=18 (full 3):
 PSYoungGen      total 98816K, used 90024K [0x00000000f5580000, 0x00000000fd600000, 0x0000000100000000)
  eden space 69632K, 97% used [0x00000000f5580000,0x00000000f97d9628,0x00000000f9980000)
  from space 29184K, 75% used [0x00000000fb780000,0x00000000fcd109d8,0x00000000fd400000)
  to   space 30720K, 0% used [0x00000000f9980000,0x00000000f9980000,0x00000000fb780000)
 ParOldGen       total 121344K, used 42327K [0x00000000e0000000, 0x00000000e7680000, 0x00000000f5580000)
  object space 121344K, 34% used [0x00000000e0000000,0x00000000e2955d90,0x00000000e7680000)
 Metaspace       used 82721K, capacity 89504K, committed 89688K, reserved 1126400K
  class space    used 10039K, capacity 12078K, committed 12120K, reserved 1048576K
Event: 242.095 GC heap after
Heap after GC invocations=18 (full 3):
 PSYoungGen      total 98816K, used 26464K [0x00000000f5580000, 0x00000000fd900000, 0x0000000100000000)
  eden space 68096K, 0% used [0x00000000f5580000,0x00000000f5580000,0x00000000f9800000)
  from space 30720K, 86% used [0x00000000f9980000,0x00000000fb358248,0x00000000fb780000)
  to   space 33280K, 0% used [0x00000000fb880000,0x00000000fb880000,0x00000000fd900000)
 ParOldGen       total 121344K, used 42335K [0x00000000e0000000, 0x00000000e7680000, 0x00000000f5580000)
  object space 121344K, 34% used [0x00000000e0000000,0x00000000e2957d90,0x00000000e7680000)
 Metaspace       used 82721K, capacity 89504K, committed 89688K, reserved 1126400K
  class space    used 10039K, capacity 12078K, committed 12120K, reserved 1048576K
}
Event: 264.355 GC heap before
{Heap before GC invocations=19 (full 3):
 PSYoungGen      total 98816K, used 94560K [0x00000000f5580000, 0x00000000fd900000, 0x0000000100000000)
  eden space 68096K, 100% used [0x00000000f5580000,0x00000000f9800000,0x00000000f9800000)
  from space 30720K, 86% used [0x00000000f9980000,0x00000000fb358248,0x00000000fb780000)
  to   space 33280K, 0% used [0x00000000fb880000,0x00000000fb880000,0x00000000fd900000)
 ParOldGen       total 121344K, used 42335K [0x00000000e0000000, 0x00000000e7680000, 0x00000000f5580000)
  object space 121344K, 34% used [0x00000000e0000000,0x00000000e2957d90,0x00000000e7680000)
 Metaspace       used 84143K, capacity 90726K, committed 90968K, reserved 1128448K
  class space    used 10170K, capacity 12272K, committed 12376K, reserved 1048576K
Event: 264.364 GC heap after
Heap after GC invocations=19 (full 3):
 PSYoungGen      total 99328K, used 25589K [0x00000000f5580000, 0x00000000fdb80000, 0x0000000100000000)
  eden space 66048K, 0% used [0x00000000f5580000,0x00000000f5580000,0x00000000f9600000)
  from space 33280K, 76% used [0x00000000fb880000,0x00000000fd17d628,0x00000000fd900000)
  to   space 35328K, 0% used [0x00000000f9600000,0x00000000f9600000,0x00000000fb880000)
 ParOldGen       total 121344K, used 42343K [0x00000000e0000000, 0x00000000e7680000, 0x00000000f5580000)
  object space 121344K, 34% used [0x00000000e0000000,0x00000000e2959d90,0x00000000e7680000)
 Metaspace       used 84143K, capacity 90726K, committed 90968K, reserved 1128448K
  class space    used 10170K, capacity 12272K, committed 12376K, reserved 1048576K
}
Event: 274.112 GC heap before
{Heap before GC invocations=20 (full 3):
 PSYoungGen      total 99328K, used 91637K [0x00000000f5580000, 0x00000000fdb80000, 0x0000000100000000)
  eden space 66048K, 100% used [0x00000000f5580000,0x00000000f9600000,0x00000000f9600000)
  from space 33280K, 76% used [0x00000000fb880000,0x00000000fd17d628,0x00000000fd900000)
  to   space 35328K, 0% used [0x00000000f9600000,0x00000000f9600000,0x00000000fb880000)
 ParOldGen       total 121344K, used 42343K [0x00000000e0000000, 0x00000000e7680000, 0x00000000f5580000)
  object space 121344K, 34% used [0x00000000e0000000,0x00000000e2959d90,0x00000000e7680000)
 Metaspace       used 84512K, capacity 91116K, committed 91224K, reserved 1128448K
  class space    used 10194K, capacity 12273K, committed 12376K, reserved 1048576K
Event: 274.123 GC heap after
Heap after GC invocations=20 (full 3):
 PSYoungGen      total 99840K, used 25472K [0x00000000f5580000, 0x00000000fdc80000, 0x0000000100000000)
  eden space 64512K, 0% used [0x00000000f5580000,0x00000000f5580000,0x00000000f9480000)
  from space 35328K, 72% used [0x00000000f9600000,0x00000000faee02a0,0x00000000fb880000)
  to   space 36864K, 0% used [0x00000000fb880000,0x00000000fb880000,0x00000000fdc80000)
 ParOldGen       total 121344K, used 42351K [0x00000000e0000000, 0x00000000e7680000, 0x00000000f5580000)
  object space 121344K, 34% used [0x00000000e0000000,0x00000000e295bd90,0x00000000e7680000)
 Metaspace       used 84512K, capacity 91116K, committed 91224K, reserved 1128448K
  class space    used 10194K, capacity 12273K, committed 12376K, reserved 1048576K
}
Event: 588.996 GC heap before
{Heap before GC invocations=21 (full 3):
 PSYoungGen      total 99840K, used 89984K [0x00000000f5580000, 0x00000000fdc80000, 0x0000000100000000)
  eden space 64512K, 100% used [0x00000000f5580000,0x00000000f9480000,0x00000000f9480000)
  from space 35328K, 72% used [0x00000000f9600000,0x00000000faee02a0,0x00000000fb880000)
  to   space 36864K, 0% used [0x00000000fb880000,0x00000000fb880000,0x00000000fdc80000)
 ParOldGen       total 121344K, used 42351K [0x00000000e0000000, 0x00000000e7680000, 0x00000000f5580000)
  object space 121344K, 34% used [0x00000000e0000000,0x00000000e295bd90,0x00000000e7680000)
 Metaspace       used 85495K, capacity 91684K, committed 91992K, reserved 1128448K
  class space    used 10271K, capacity 12309K, committed 12376K, reserved 1048576K
Event: 589.006 GC heap after
Heap after GC invocations=21 (full 3):
 PSYoungGen      total 99328K, used 24233K [0x00000000f5580000, 0x00000000fdc00000, 0x0000000100000000)
  eden space 62976K, 0% used [0x00000000f5580000,0x00000000f5580000,0x00000000f9300000)
  from space 36352K, 66% used [0x00000000fb880000,0x00000000fd02a6d0,0x00000000fdc00000)
  to   space 37376K, 0% used [0x00000000f9300000,0x00000000f9300000,0x00000000fb780000)
 ParOldGen       total 121344K, used 42359K [0x00000000e0000000, 0x00000000e7680000, 0x00000000f5580000)
  object space 121344K, 34% used [0x00000000e0000000,0x00000000e295dd90,0x00000000e7680000)
 Metaspace       used 85495K, capacity 91684K, committed 91992K, reserved 1128448K
  class space    used 10271K, capacity 12309K, committed 12376K, reserved 1048576K
}

