# JRE version: Java(TM) SE Runtime Environment (8.0_45-b15) (build 1.8.0_45-b15)
# Java VM: Java HotSpot(TM) 64-Bit Server VM (25.45-b02 mixed mode windows-amd64 compressed oops)
Heap:
 PSYoungGen      total 105984K, used 16410K [0x00000000f5580000, 0x00000000fe400000, 0x0000000100000000)
  eden space 72192K, 11% used [0x00000000f5580000,0x00000000f5d7acc8,0x00000000f9c00000)
  from space 33792K, 24% used [0x00000000fc300000,0x00000000fcb0bf30,0x00000000fe400000)
  to   space 36864K, 0% used [0x00000000f9c00000,0x00000000f9c00000,0x00000000fc000000)
 ParOldGen       total 108544K, used 62761K [0x00000000e0000000, 0x00000000e6a00000, 0x00000000f5580000)
  object space 108544K, 57% used [0x00000000e0000000,0x00000000e3d4a570,0x00000000e6a00000)
 Metaspace       used 90213K, capacity 97088K, committed 97152K, reserved 1132544K
  class space    used 11306K, capacity 13388K, committed 13440K, reserved 1048576K
GC Heap History (10 events):
Event: 152.436 GC heap before
{Heap before GC invocations=20 (full 4):
 PSYoungGen      total 115200K, used 30070K [0x00000000f5580000, 0x00000000ff200000, 0x0000000100000000)
  eden space 79360K, 0% used [0x00000000f5580000,0x00000000f5580000,0x00000000fa300000)
  from space 35840K, 83% used [0x00000000fc900000,0x00000000fe65da20,0x00000000fec00000)
  to   space 38912K, 0% used [0x00000000fa300000,0x00000000fa300000,0x00000000fc900000)
 ParOldGen       total 108544K, used 35591K [0x00000000e0000000, 0x00000000e6a00000, 0x00000000f5580000)
  object space 108544K, 32% used [0x00000000e0000000,0x00000000e22c1c48,0x00000000e6a00000)
 Metaspace       used 82972K, capacity 89710K, committed 89984K, reserved 1126400K
  class space    used 10508K, capacity 12621K, committed 12672K, reserved 1048576K
Event: 152.707 GC heap after
Heap after GC invocations=20 (full 4):
 PSYoungGen      total 115200K, used 0K [0x00000000f5580000, 0x00000000ff200000, 0x0000000100000000)
  eden space 79360K, 0% used [0x00000000f5580000,0x00000000f5580000,0x00000000fa300000)
  from space 35840K, 0% used [0x00000000fc900000,0x00000000fc900000,0x00000000fec00000)
  to   space 38912K, 0% used [0x00000000fa300000,0x00000000fa300000,0x00000000fc900000)
 ParOldGen       total 108544K, used 62601K [0x00000000e0000000, 0x00000000e6a00000, 0x00000000f5580000)
  object space 108544K, 57% used [0x00000000e0000000,0x00000000e3d22550,0x00000000e6a00000)
 Metaspace       used 82972K, capacity 89710K, committed 89984K, reserved 1126400K
  class space    used 10508K, capacity 12621K, committed 12672K, reserved 1048576K
}
Event: 422.017 GC heap before
{Heap before GC invocations=21 (full 4):
 PSYoungGen      total 115200K, used 79360K [0x00000000f5580000, 0x00000000ff200000, 0x0000000100000000)
  eden space 79360K, 100% used [0x00000000f5580000,0x00000000fa300000,0x00000000fa300000)
  from space 35840K, 0% used [0x00000000fc900000,0x00000000fc900000,0x00000000fec00000)
  to   space 38912K, 0% used [0x00000000fa300000,0x00000000fa300000,0x00000000fc900000)
 ParOldGen       total 108544K, used 62601K [0x00000000e0000000, 0x00000000e6a00000, 0x00000000f5580000)
  object space 108544K, 57% used [0x00000000e0000000,0x00000000e3d22550,0x00000000e6a00000)
 Metaspace       used 85078K, capacity 92054K, committed 92288K, reserved 1128448K
  class space    used 10743K, capacity 12885K, committed 12928K, reserved 1048576K
Event: 422.023 GC heap after
Heap after GC invocations=21 (full 4):
 PSYoungGen      total 81408K, used 4072K [0x00000000f5580000, 0x00000000fee00000, 0x0000000100000000)
  eden space 77312K, 0% used [0x00000000f5580000,0x00000000f5580000,0x00000000fa100000)
  from space 4096K, 99% used [0x00000000fa300000,0x00000000fa6fa3c0,0x00000000fa700000)
  to   space 39424K, 0% used [0x00000000fc780000,0x00000000fc780000,0x00000000fee00000)
 ParOldGen       total 108544K, used 62673K [0x00000000e0000000, 0x00000000e6a00000, 0x00000000f5580000)
  object space 108544K, 57% used [0x00000000e0000000,0x00000000e3d34560,0x00000000e6a00000)
 Metaspace       used 85078K, capacity 92054K, committed 92288K, reserved 1128448K
  class space    used 10743K, capacity 12885K, committed 12928K, reserved 1048576K
}
Event: 1502.044 GC heap before
{Heap before GC invocations=22 (full 4):
 PSYoungGen      total 81408K, used 81384K [0x00000000f5580000, 0x00000000fee00000, 0x0000000100000000)
  eden space 77312K, 100% used [0x00000000f5580000,0x00000000fa100000,0x00000000fa100000)
  from space 4096K, 99% used [0x00000000fa300000,0x00000000fa6fa3c0,0x00000000fa700000)
  to   space 39424K, 0% used [0x00000000fc780000,0x00000000fc780000,0x00000000fee00000)
 ParOldGen       total 108544K, used 62673K [0x00000000e0000000, 0x00000000e6a00000, 0x00000000f5580000)
  object space 108544K, 57% used [0x00000000e0000000,0x00000000e3d34560,0x00000000e6a00000)
 Metaspace       used 85353K, capacity 92310K, committed 92544K, reserved 1128448K
  class space    used 10744K, capacity 12885K, committed 12928K, reserved 1048576K
Event: 1502.049 GC heap after
Heap after GC invocations=22 (full 4):
 PSYoungGen      total 111616K, used 4841K [0x00000000f5580000, 0x00000000feb00000, 0x0000000100000000)
  eden space 75264K, 0% used [0x00000000f5580000,0x00000000f5580000,0x00000000f9f00000)
  from space 36352K, 13% used [0x00000000fc780000,0x00000000fcc3a7a0,0x00000000feb00000)
  to   space 38912K, 0% used [0x00000000f9f00000,0x00000000f9f00000,0x00000000fc500000)
 ParOldGen       total 108544K, used 62745K [0x00000000e0000000, 0x00000000e6a00000, 0x00000000f5580000)
  object space 108544K, 57% used [0x00000000e0000000,0x00000000e3d46570,0x00000000e6a00000)
 Metaspace       used 85353K, capacity 92310K, committed 92544K, reserved 1128448K
  class space    used 10744K, capacity 12885K, committed 12928K, reserved 1048576K
}
Event: 2644.065 GC heap before
{Heap before GC invocations=23 (full 4):
 PSYoungGen      total 111616K, used 80105K [0x00000000f5580000, 0x00000000feb00000, 0x0000000100000000)
  eden space 75264K, 100% used [0x00000000f5580000,0x00000000f9f00000,0x00000000f9f00000)
  from space 36352K, 13% used [0x00000000fc780000,0x00000000fcc3a7a0,0x00000000feb00000)
  to   space 38912K, 0% used [0x00000000f9f00000,0x00000000f9f00000,0x00000000fc500000)
 ParOldGen       total 108544K, used 62745K [0x00000000e0000000, 0x00000000e6a00000, 0x00000000f5580000)
  object space 108544K, 57% used [0x00000000e0000000,0x00000000e3d46570,0x00000000e6a00000)
 Metaspace       used 85443K, capacity 92374K, committed 92544K, reserved 1128448K
  class space    used 10744K, capacity 12885K, committed 12928K, reserved 1048576K
Event: 2644.069 GC heap after
Heap after GC invocations=23 (full 4):
 PSYoungGen      total 77312K, used 3577K [0x00000000f5580000, 0x00000000fe880000, 0x0000000100000000)
  eden space 73728K, 0% used [0x00000000f5580000,0x00000000f5580000,0x00000000f9d80000)
  from space 3584K, 99% used [0x00000000f9f00000,0x00000000fa27e770,0x00000000fa280000)
  to   space 38400K, 0% used [0x00000000fc300000,0x00000000fc300000,0x00000000fe880000)
 ParOldGen       total 108544K, used 62753K [0x00000000e0000000, 0x00000000e6a00000, 0x00000000f5580000)
  object space 108544K, 57% used [0x00000000e0000000,0x00000000e3d48570,0x00000000e6a00000)
 Metaspace       used 85443K, capacity 92374K, committed 92544K, reserved 1128448K
  class space    used 10744K, capacity 12885K, committed 12928K, reserved 1048576K
}
Event: 2654.040 GC heap before
{Heap before GC invocations=24 (full 4):
 PSYoungGen      total 77312K, used 77305K [0x00000000f5580000, 0x00000000fe880000, 0x0000000100000000)
  eden space 73728K, 100% used [0x00000000f5580000,0x00000000f9d80000,0x00000000f9d80000)
  from space 3584K, 99% used [0x00000000f9f00000,0x00000000fa27e770,0x00000000fa280000)
  to   space 38400K, 0% used [0x00000000fc300000,0x00000000fc300000,0x00000000fe880000)
 ParOldGen       total 108544K, used 62753K [0x00000000e0000000, 0x00000000e6a00000, 0x00000000f5580000)
  object space 108544K, 57% used [0x00000000e0000000,0x00000000e3d48570,0x00000000e6a00000)
 Metaspace       used 89866K, capacity 96792K, committed 96896K, reserved 1132544K
  class space    used 11271K, capacity 13352K, committed 13440K, reserved 1048576K
Event: 2654.044 GC heap after
Heap after GC invocations=24 (full 4):
 PSYoungGen      total 105984K, used 8239K [0x00000000f5580000, 0x00000000fe400000, 0x0000000100000000)
  eden space 72192K, 0% used [0x00000000f5580000,0x00000000f5580000,0x00000000f9c00000)
  from space 33792K, 24% used [0x00000000fc300000,0x00000000fcb0bf30,0x00000000fe400000)
  to   space 36864K, 0% used [0x00000000f9c00000,0x00000000f9c00000,0x00000000fc000000)
 ParOldGen       total 108544K, used 62761K [0x00000000e0000000, 0x00000000e6a00000, 0x00000000f5580000)
  object space 108544K, 57% used [0x00000000e0000000,0x00000000e3d4a570,0x00000000e6a00000)
 Metaspace       used 89866K, capacity 96792K, committed 96896K, reserved 1132544K
  class space    used 11271K, capacity 13352K, committed 13440K, reserved 1048576K
}

