# JRE version: Java(TM) SE Runtime Environment (8.0_45-b15) (build 1.8.0_45-b15)
# Java VM: Java HotSpot(TM) 64-Bit Server VM (25.45-b02 mixed mode windows-amd64 compressed oops)
Heap:
 PSYoungGen      total 50176K, used 39762K [0x00000007bc400000, 0x00000007c0000000, 0x00000007c0000000)
  eden space 38912K, 85% used [0x00000007bc400000,0x00000007be450788,0x00000007bea00000)
  from space 11264K, 59% used [0x00000007bf500000,0x00000007bfb84238,0x00000007c0000000)
  to   space 11264K, 0% used [0x00000007bea00000,0x00000007bea00000,0x00000007bf500000)
 ParOldGen       total 258048K, used 153062K [0x0000000700000000, 0x000000070fc00000, 0x00000007bc400000)
  object space 258048K, 59% used [0x0000000700000000,0x0000000709579828,0x000000070fc00000)
 Metaspace       used 82706K, capacity 83157K, committed 83968K, reserved 1120256K
  class space    used 12396K, capacity 12500K, committed 12544K, reserved 1048576K
GC Heap History (10 events):
Event: 9495.863 GC heap before
{Heap before GC invocations=684 (full 28):
 PSYoungGen      total 56320K, used 56308K [0x00000007bc400000, 0x00000007c0000000, 0x00000007c0000000)
  eden space 51200K, 100% used [0x00000007bc400000,0x00000007bf600000,0x00000007bf600000)
  from space 5120K, 99% used [0x00000007bf600000,0x00000007bfafd328,0x00000007bfb00000)
  to   space 5120K, 0% used [0x00000007bfb00000,0x00000007bfb00000,0x00000007c0000000)
 ParOldGen       total 258048K, used 148026K [0x0000000700000000, 0x000000070fc00000, 0x00000007bc400000)
  object space 258048K, 57% used [0x0000000700000000,0x000000070908e958,0x000000070fc00000)
 Metaspace       used 82416K, capacity 82959K, committed 83712K, reserved 1120256K
  class space    used 12364K, capacity 12499K, committed 12544K, reserved 1048576K
Event: 9495.867 GC heap after
Heap after GC invocations=684 (full 28):
 PSYoungGen      total 48128K, used 5097K [0x00000007bc400000, 0x00000007c0000000, 0x00000007c0000000)
  eden space 43008K, 0% used [0x00000007bc400000,0x00000007bc400000,0x00000007bee00000)
  from space 5120K, 99% used [0x00000007bfb00000,0x00000007bfffa630,0x00000007c0000000)
  to   space 9216K, 0% used [0x00000007bee00000,0x00000007bee00000,0x00000007bf700000)
 ParOldGen       total 258048K, used 153059K [0x0000000700000000, 0x000000070fc00000, 0x00000007bc400000)
  object space 258048K, 59% used [0x0000000700000000,0x0000000709578fe8,0x000000070fc00000)
 Metaspace       used 82416K, capacity 82959K, committed 83712K, reserved 1120256K
  class space    used 12364K, capacity 12499K, committed 12544K, reserved 1048576K
}
Event: 9502.594 GC heap before
{Heap before GC invocations=685 (full 28):
 PSYoungGen      total 48128K, used 48105K [0x00000007bc400000, 0x00000007c0000000, 0x00000007c0000000)
  eden space 43008K, 100% used [0x00000007bc400000,0x00000007bee00000,0x00000007bee00000)
  from space 5120K, 99% used [0x00000007bfb00000,0x00000007bfffa630,0x00000007c0000000)
  to   space 9216K, 0% used [0x00000007bee00000,0x00000007bee00000,0x00000007bf700000)
 ParOldGen       total 258048K, used 153060K [0x0000000700000000, 0x000000070fc00000, 0x00000007bc400000)
  object space 258048K, 59% used [0x0000000700000000,0x0000000709579028,0x000000070fc00000)
 Metaspace       used 82416K, capacity 82959K, committed 83712K, reserved 1120256K
  class space    used 12364K, capacity 12499K, committed 12544K, reserved 1048576K
Event: 9502.598 GC heap after
Heap after GC invocations=685 (full 28):
 PSYoungGen      total 49664K, used 6254K [0x00000007bc400000, 0x00000007c0000000, 0x00000007c0000000)
  eden space 43008K, 0% used [0x00000007bc400000,0x00000007bc400000,0x00000007bee00000)
  from space 6656K, 93% used [0x00000007bee00000,0x00000007bf41bb08,0x00000007bf480000)
  to   space 10240K, 0% used [0x00000007bf600000,0x00000007bf600000,0x00000007c0000000)
 ParOldGen       total 258048K, used 153060K [0x0000000700000000, 0x000000070fc00000, 0x00000007bc400000)
  object space 258048K, 59% used [0x0000000700000000,0x0000000709579028,0x000000070fc00000)
 Metaspace       used 82416K, capacity 82959K, committed 83712K, reserved 1120256K
  class space    used 12364K, capacity 12499K, committed 12544K, reserved 1048576K
}
Event: 9609.638 GC heap before
{Heap before GC invocations=686 (full 28):
 PSYoungGen      total 49664K, used 49262K [0x00000007bc400000, 0x00000007c0000000, 0x00000007c0000000)
  eden space 43008K, 100% used [0x00000007bc400000,0x00000007bee00000,0x00000007bee00000)
  from space 6656K, 93% used [0x00000007bee00000,0x00000007bf41bb08,0x00000007bf480000)
  to   space 10240K, 0% used [0x00000007bf600000,0x00000007bf600000,0x00000007c0000000)
 ParOldGen       total 258048K, used 153062K [0x0000000700000000, 0x000000070fc00000, 0x00000007bc400000)
  object space 258048K, 59% used [0x0000000700000000,0x0000000709579828,0x000000070fc00000)
 Metaspace       used 82431K, capacity 82959K, committed 83712K, reserved 1120256K
  class space    used 12364K, capacity 12499K, committed 12544K, reserved 1048576K
Event: 9609.642 GC heap after
Heap after GC invocations=686 (full 28):
 PSYoungGen      total 50176K, used 6789K [0x00000007bc400000, 0x00000007c0000000, 0x00000007c0000000)
  eden space 39936K, 0% used [0x00000007bc400000,0x00000007bc400000,0x00000007beb00000)
  from space 10240K, 66% used [0x00000007bf600000,0x00000007bfca16f8,0x00000007c0000000)
  to   space 10752K, 0% used [0x00000007beb00000,0x00000007beb00000,0x00000007bf580000)
 ParOldGen       total 258048K, used 153062K [0x0000000700000000, 0x000000070fc00000, 0x00000007bc400000)
  object space 258048K, 59% used [0x0000000700000000,0x0000000709579828,0x000000070fc00000)
 Metaspace       used 82431K, capacity 82959K, committed 83712K, reserved 1120256K
  class space    used 12364K, capacity 12499K, committed 12544K, reserved 1048576K
}
Event: 9610.050 GC heap before
{Heap before GC invocations=687 (full 28):
 PSYoungGen      total 50176K, used 46725K [0x00000007bc400000, 0x00000007c0000000, 0x00000007c0000000)
  eden space 39936K, 100% used [0x00000007bc400000,0x00000007beb00000,0x00000007beb00000)
  from space 10240K, 66% used [0x00000007bf600000,0x00000007bfca16f8,0x00000007c0000000)
  to   space 10752K, 0% used [0x00000007beb00000,0x00000007beb00000,0x00000007bf580000)
 ParOldGen       total 258048K, used 153062K [0x0000000700000000, 0x000000070fc00000, 0x00000007bc400000)
  object space 258048K, 59% used [0x0000000700000000,0x0000000709579828,0x000000070fc00000)
 Metaspace       used 82433K, capacity 82959K, committed 83712K, reserved 1120256K
  class space    used 12364K, capacity 12499K, committed 12544K, reserved 1048576K
Event: 9610.053 GC heap after
Heap after GC invocations=687 (full 28):
 PSYoungGen      total 46592K, used 6538K [0x00000007bc400000, 0x00000007c0000000, 0x00000007c0000000)
  eden space 39936K, 0% used [0x00000007bc400000,0x00000007bc400000,0x00000007beb00000)
  from space 6656K, 98% used [0x00000007beb00000,0x00000007bf162a20,0x00000007bf180000)
  to   space 11264K, 0% used [0x00000007bf500000,0x00000007bf500000,0x00000007c0000000)
 ParOldGen       total 258048K, used 153062K [0x0000000700000000, 0x000000070fc00000, 0x00000007bc400000)
  object space 258048K, 59% used [0x0000000700000000,0x0000000709579828,0x000000070fc00000)
 Metaspace       used 82433K, capacity 82959K, committed 83712K, reserved 1120256K
  class space    used 12364K, capacity 12499K, committed 12544K, reserved 1048576K
}
Event: 9624.384 GC heap before
{Heap before GC invocations=688 (full 28):
 PSYoungGen      total 46592K, used 46474K [0x00000007bc400000, 0x00000007c0000000, 0x00000007c0000000)
  eden space 39936K, 100% used [0x00000007bc400000,0x00000007beb00000,0x00000007beb00000)
  from space 6656K, 98% used [0x00000007beb00000,0x00000007bf162a20,0x00000007bf180000)
  to   space 11264K, 0% used [0x00000007bf500000,0x00000007bf500000,0x00000007c0000000)
 ParOldGen       total 258048K, used 153062K [0x0000000700000000, 0x000000070fc00000, 0x00000007bc400000)
  object space 258048K, 59% used [0x0000000700000000,0x0000000709579828,0x000000070fc00000)
 Metaspace       used 82538K, capacity 83023K, committed 83712K, reserved 1120256K
  class space    used 12378K, capacity 12499K, committed 12544K, reserved 1048576K
Event: 9624.388 GC heap after
Heap after GC invocations=688 (full 28):
 PSYoungGen      total 50176K, used 6672K [0x00000007bc400000, 0x00000007c0000000, 0x00000007c0000000)
  eden space 38912K, 0% used [0x00000007bc400000,0x00000007bc400000,0x00000007bea00000)
  from space 11264K, 59% used [0x00000007bf500000,0x00000007bfb84238,0x00000007c0000000)
  to   space 11264K, 0% used [0x00000007bea00000,0x00000007bea00000,0x00000007bf500000)
 ParOldGen       total 258048K, used 153062K [0x0000000700000000, 0x000000070fc00000, 0x00000007bc400000)
  object space 258048K, 59% used [0x0000000700000000,0x0000000709579828,0x000000070fc00000)
 Metaspace       used 82538K, capacity 83023K, committed 83712K, reserved 1120256K
  class space    used 12378K, capacity 12499K, committed 12544K, reserved 1048576K
}

