# JRE version: Java(TM) SE Runtime Environment (8.0_45-b15) (build 1.8.0_45-b15)
# Java VM: Java HotSpot(TM) 64-Bit Server VM (25.45-b02 mixed mode windows-amd64 compressed oops)
Heap:
 PSYoungGen      total 87552K, used 52220K [0x00000000f5580000, 0x00000000fcf80000, 0x0000000100000000)
  eden space 59392K, 43% used [0x00000000f5580000,0x00000000f6ed05c8,0x00000000f8f80000)
  from space 28160K, 93% used [0x00000000f8f80000,0x00000000fa92ec38,0x00000000fab00000)
  to   space 31232K, 0% used [0x00000000fb100000,0x00000000fb100000,0x00000000fcf80000)
 ParOldGen       total 103936K, used 38337K [0x00000000e0000000, 0x00000000e6580000, 0x00000000f5580000)
  object space 103936K, 36% used [0x00000000e0000000,0x00000000e2570420,0x00000000e6580000)
 Metaspace       used 80032K, capacity 86360K, committed 86488K, reserved 1124352K
  class space    used 10009K, capacity 11918K, committed 12032K, reserved 1048576K
GC Heap History (10 events):
Event: 9.397 GC heap before
{Heap before GC invocations=18 (full 3):
 PSYoungGen      total 73728K, used 68286K [0x00000000f5580000, 0x00000000fb400000, 0x0000000100000000)
  eden space 52736K, 100% used [0x00000000f5580000,0x00000000f8900000,0x00000000f8900000)
  from space 20992K, 74% used [0x00000000f9e80000,0x00000000fadaf818,0x00000000fb300000)
  to   space 22016K, 0% used [0x00000000f8900000,0x00000000f8900000,0x00000000f9e80000)
 ParOldGen       total 103936K, used 37439K [0x00000000e0000000, 0x00000000e6580000, 0x00000000f5580000)
  object space 103936K, 36% used [0x00000000e0000000,0x00000000e248fd20,0x00000000e6580000)
 Metaspace       used 69257K, capacity 75198K, committed 75480K, reserved 1114112K
  class space    used 8671K, capacity 10433K, committed 10496K, reserved 1048576K
Event: 9.406 GC heap after
Heap after GC invocations=18 (full 3):
 PSYoungGen      total 74752K, used 17157K [0x00000000f5580000, 0x00000000fbd80000, 0x0000000100000000)
  eden space 52736K, 0% used [0x00000000f5580000,0x00000000f5580000,0x00000000f8900000)
  from space 22016K, 77% used [0x00000000f8900000,0x00000000f99c14b0,0x00000000f9e80000)
  to   space 23552K, 0% used [0x00000000fa680000,0x00000000fa680000,0x00000000fbd80000)
 ParOldGen       total 103936K, used 37447K [0x00000000e0000000, 0x00000000e6580000, 0x00000000f5580000)
  object space 103936K, 36% used [0x00000000e0000000,0x00000000e2491d20,0x00000000e6580000)
 Metaspace       used 69257K, capacity 75198K, committed 75480K, reserved 1114112K
  class space    used 8671K, capacity 10433K, committed 10496K, reserved 1048576K
}
Event: 11.426 GC heap before
{Heap before GC invocations=19 (full 3):
 PSYoungGen      total 74752K, used 69864K [0x00000000f5580000, 0x00000000fbd80000, 0x0000000100000000)
  eden space 52736K, 99% used [0x00000000f5580000,0x00000000f88f8b60,0x00000000f8900000)
  from space 22016K, 77% used [0x00000000f8900000,0x00000000f99c14b0,0x00000000f9e80000)
  to   space 23552K, 0% used [0x00000000fa680000,0x00000000fa680000,0x00000000fbd80000)
 ParOldGen       total 103936K, used 37447K [0x00000000e0000000, 0x00000000e6580000, 0x00000000f5580000)
  object space 103936K, 36% used [0x00000000e0000000,0x00000000e2491d20,0x00000000e6580000)
 Metaspace       used 72542K, capacity 78304K, committed 78552K, reserved 1116160K
  class space    used 9087K, capacity 10915K, committed 11008K, reserved 1048576K
Event: 11.435 GC heap after
Heap after GC invocations=19 (full 3):
 PSYoungGen      total 79360K, used 23536K [0x00000000f5580000, 0x00000000fc380000, 0x0000000100000000)
  eden space 55808K, 0% used [0x00000000f5580000,0x00000000f5580000,0x00000000f8c00000)
  from space 23552K, 99% used [0x00000000fa680000,0x00000000fbd7c2f0,0x00000000fbd80000)
  to   space 27136K, 0% used [0x00000000f8c00000,0x00000000f8c00000,0x00000000fa680000)
 ParOldGen       total 103936K, used 38329K [0x00000000e0000000, 0x00000000e6580000, 0x00000000f5580000)
  object space 103936K, 36% used [0x00000000e0000000,0x00000000e256e420,0x00000000e6580000)
 Metaspace       used 72542K, capacity 78304K, committed 78552K, reserved 1116160K
  class space    used 9087K, capacity 10915K, committed 11008K, reserved 1048576K
}
Event: 37.508 GC heap before
{Heap before GC invocations=20 (full 3):
 PSYoungGen      total 79360K, used 79344K [0x00000000f5580000, 0x00000000fc380000, 0x0000000100000000)
  eden space 55808K, 100% used [0x00000000f5580000,0x00000000f8c00000,0x00000000f8c00000)
  from space 23552K, 99% used [0x00000000fa680000,0x00000000fbd7c2f0,0x00000000fbd80000)
  to   space 27136K, 0% used [0x00000000f8c00000,0x00000000f8c00000,0x00000000fa680000)
 ParOldGen       total 103936K, used 38329K [0x00000000e0000000, 0x00000000e6580000, 0x00000000f5580000)
  object space 103936K, 36% used [0x00000000e0000000,0x00000000e256e420,0x00000000e6580000)
 Metaspace       used 73478K, capacity 79300K, committed 79448K, reserved 1118208K
  class space    used 9194K, capacity 11015K, committed 11136K, reserved 1048576K
Event: 37.515 GC heap after
Heap after GC invocations=20 (full 3):
 PSYoungGen      total 82944K, used 18401K [0x00000000f5580000, 0x00000000fc680000, 0x0000000100000000)
  eden space 55808K, 0% used [0x00000000f5580000,0x00000000f5580000,0x00000000f8c00000)
  from space 27136K, 67% used [0x00000000f8c00000,0x00000000f9df8788,0x00000000fa680000)
  to   space 28160K, 0% used [0x00000000fab00000,0x00000000fab00000,0x00000000fc680000)
 ParOldGen       total 103936K, used 38337K [0x00000000e0000000, 0x00000000e6580000, 0x00000000f5580000)
  object space 103936K, 36% used [0x00000000e0000000,0x00000000e2570420,0x00000000e6580000)
 Metaspace       used 73478K, capacity 79300K, committed 79448K, reserved 1118208K
  class space    used 9194K, capacity 11015K, committed 11136K, reserved 1048576K
}
Event: 38.317 GC heap before
{Heap before GC invocations=21 (full 3):
 PSYoungGen      total 82944K, used 74209K [0x00000000f5580000, 0x00000000fc680000, 0x0000000100000000)
  eden space 55808K, 100% used [0x00000000f5580000,0x00000000f8c00000,0x00000000f8c00000)
  from space 27136K, 67% used [0x00000000f8c00000,0x00000000f9df8788,0x00000000fa680000)
  to   space 28160K, 0% used [0x00000000fab00000,0x00000000fab00000,0x00000000fc680000)
 ParOldGen       total 103936K, used 38337K [0x00000000e0000000, 0x00000000e6580000, 0x00000000f5580000)
  object space 103936K, 36% used [0x00000000e0000000,0x00000000e2570420,0x00000000e6580000)
 Metaspace       used 73480K, capacity 79300K, committed 79448K, reserved 1118208K
  class space    used 9194K, capacity 11015K, committed 11136K, reserved 1048576K
Event: 38.325 GC heap after
Heap after GC invocations=21 (full 3):
 PSYoungGen      total 87552K, used 17788K [0x00000000f5580000, 0x00000000fc680000, 0x0000000100000000)
  eden space 59392K, 0% used [0x00000000f5580000,0x00000000f5580000,0x00000000f8f80000)
  from space 28160K, 63% used [0x00000000fab00000,0x00000000fbc5f338,0x00000000fc680000)
  to   space 28160K, 0% used [0x00000000f8f80000,0x00000000f8f80000,0x00000000fab00000)
 ParOldGen       total 103936K, used 38337K [0x00000000e0000000, 0x00000000e6580000, 0x00000000f5580000)
  object space 103936K, 36% used [0x00000000e0000000,0x00000000e2570420,0x00000000e6580000)
 Metaspace       used 73480K, capacity 79300K, committed 79448K, reserved 1118208K
  class space    used 9194K, capacity 11015K, committed 11136K, reserved 1048576K
}
Event: 44.892 GC heap before
{Heap before GC invocations=22 (full 3):
 PSYoungGen      total 87552K, used 77180K [0x00000000f5580000, 0x00000000fc680000, 0x0000000100000000)
  eden space 59392K, 100% used [0x00000000f5580000,0x00000000f8f80000,0x00000000f8f80000)
  from space 28160K, 63% used [0x00000000fab00000,0x00000000fbc5f338,0x00000000fc680000)
  to   space 28160K, 0% used [0x00000000f8f80000,0x00000000f8f80000,0x00000000fab00000)
 ParOldGen       total 103936K, used 38337K [0x00000000e0000000, 0x00000000e6580000, 0x00000000f5580000)
  object space 103936K, 36% used [0x00000000e0000000,0x00000000e2570420,0x00000000e6580000)
 Metaspace       used 78807K, capacity 85194K, committed 85336K, reserved 1122304K
  class space    used 9891K, capacity 11848K, committed 11904K, reserved 1048576K
Event: 44.906 GC heap after
Heap after GC invocations=22 (full 3):
 PSYoungGen      total 87552K, used 26299K [0x00000000f5580000, 0x00000000fcf80000, 0x0000000100000000)
  eden space 59392K, 0% used [0x00000000f5580000,0x00000000f5580000,0x00000000f8f80000)
  from space 28160K, 93% used [0x00000000f8f80000,0x00000000fa92ec38,0x00000000fab00000)
  to   space 31232K, 0% used [0x00000000fb100000,0x00000000fb100000,0x00000000fcf80000)
 ParOldGen       total 103936K, used 38337K [0x00000000e0000000, 0x00000000e6580000, 0x00000000f5580000)
  object space 103936K, 36% used [0x00000000e0000000,0x00000000e2570420,0x00000000e6580000)
 Metaspace       used 78807K, capacity 85194K, committed 85336K, reserved 1122304K
  class space    used 9891K, capacity 11848K, committed 11904K, reserved 1048576K
}

