# JRE version: Java(TM) SE Runtime Environment (8.0_45-b15) (build 1.8.0_45-b15)
# Java VM: Java HotSpot(TM) 64-Bit Server VM (25.45-b02 mixed mode windows-amd64 compressed oops)
Heap:
 PSYoungGen      total 99840K, used 92636K [0x00000000f5580000, 0x00000000fde80000, 0x0000000100000000)
  eden space 74240K, 94% used [0x00000000f5580000,0x00000000f9a5a370,0x00000000f9e00000)
  from space 25600K, 86% used [0x00000000f9e00000,0x00000000fb39cf68,0x00000000fb700000)
  to   space 27648K, 0% used [0x00000000fc380000,0x00000000fc380000,0x00000000fde80000)
 ParOldGen       total 107008K, used 34766K [0x00000000e0000000, 0x00000000e6880000, 0x00000000f5580000)
  object space 107008K, 32% used [0x00000000e0000000,0x00000000e21f3b68,0x00000000e6880000)
 Metaspace       used 76857K, capacity 83132K, committed 83328K, reserved 1120256K
  class space    used 9629K, capacity 11589K, committed 11648K, reserved 1048576K
GC Heap History (10 events):
Event: 3.599 GC heap before
{Heap before GC invocations=12 (full 2):
 PSYoungGen      total 71680K, used 22535K [0x00000000f5580000, 0x00000000fbe80000, 0x0000000100000000)
  eden space 55296K, 11% used [0x00000000f5580000,0x00000000f5b82358,0x00000000f8b80000)
  from space 16384K, 99% used [0x00000000f8b80000,0x00000000f9b7f9c8,0x00000000f9b80000)
  to   space 20992K, 0% used [0x00000000faa00000,0x00000000faa00000,0x00000000fbe80000)
 ParOldGen       total 80896K, used 31761K [0x00000000e0000000, 0x00000000e4f00000, 0x00000000f5580000)
  object space 80896K, 39% used [0x00000000e0000000,0x00000000e1f04400,0x00000000e4f00000)
 Metaspace       used 54418K, capacity 59072K, committed 59160K, reserved 1099776K
  class space    used 6633K, capacity 8046K, committed 8064K, reserved 1048576K
Event: 3.605 GC heap after
Heap after GC invocations=12 (full 2):
 PSYoungGen      total 86016K, used 13934K [0x00000000f5580000, 0x00000000fc400000, 0x0000000100000000)
  eden space 65024K, 0% used [0x00000000f5580000,0x00000000f5580000,0x00000000f9500000)
  from space 20992K, 66% used [0x00000000faa00000,0x00000000fb79b820,0x00000000fbe80000)
  to   space 21504K, 0% used [0x00000000f9500000,0x00000000f9500000,0x00000000faa00000)
 ParOldGen       total 80896K, used 31769K [0x00000000e0000000, 0x00000000e4f00000, 0x00000000f5580000)
  object space 80896K, 39% used [0x00000000e0000000,0x00000000e1f06400,0x00000000e4f00000)
 Metaspace       used 54418K, capacity 59072K, committed 59160K, reserved 1099776K
  class space    used 6633K, capacity 8046K, committed 8064K, reserved 1048576K
}
Event: 3.605 GC heap before
{Heap before GC invocations=13 (full 3):
 PSYoungGen      total 86016K, used 13934K [0x00000000f5580000, 0x00000000fc400000, 0x0000000100000000)
  eden space 65024K, 0% used [0x00000000f5580000,0x00000000f5580000,0x00000000f9500000)
  from space 20992K, 66% used [0x00000000faa00000,0x00000000fb79b820,0x00000000fbe80000)
  to   space 21504K, 0% used [0x00000000f9500000,0x00000000f9500000,0x00000000faa00000)
 ParOldGen       total 80896K, used 31769K [0x00000000e0000000, 0x00000000e4f00000, 0x00000000f5580000)
  object space 80896K, 39% used [0x00000000e0000000,0x00000000e1f06400,0x00000000e4f00000)
 Metaspace       used 54418K, capacity 59072K, committed 59160K, reserved 1099776K
  class space    used 6633K, capacity 8046K, committed 8064K, reserved 1048576K
Event: 3.727 GC heap after
Heap after GC invocations=13 (full 3):
 PSYoungGen      total 86016K, used 0K [0x00000000f5580000, 0x00000000fc400000, 0x0000000100000000)
  eden space 65024K, 0% used [0x00000000f5580000,0x00000000f5580000,0x00000000f9500000)
  from space 20992K, 0% used [0x00000000faa00000,0x00000000faa00000,0x00000000fbe80000)
  to   space 21504K, 0% used [0x00000000f9500000,0x00000000f9500000,0x00000000faa00000)
 ParOldGen       total 107008K, used 34726K [0x00000000e0000000, 0x00000000e6880000, 0x00000000f5580000)
  object space 107008K, 32% used [0x00000000e0000000,0x00000000e21e9a68,0x00000000e6880000)
 Metaspace       used 54418K, capacity 59072K, committed 59160K, reserved 1099776K
  class space    used 6633K, capacity 8046K, committed 8064K, reserved 1048576K
}
Event: 4.673 GC heap before
{Heap before GC invocations=14 (full 3):
 PSYoungGen      total 86016K, used 65024K [0x00000000f5580000, 0x00000000fc400000, 0x0000000100000000)
  eden space 65024K, 100% used [0x00000000f5580000,0x00000000f9500000,0x00000000f9500000)
  from space 20992K, 0% used [0x00000000faa00000,0x00000000faa00000,0x00000000fbe80000)
  to   space 21504K, 0% used [0x00000000f9500000,0x00000000f9500000,0x00000000faa00000)
 ParOldGen       total 107008K, used 34738K [0x00000000e0000000, 0x00000000e6880000, 0x00000000f5580000)
  object space 107008K, 32% used [0x00000000e0000000,0x00000000e21eca78,0x00000000e6880000)
 Metaspace       used 63835K, capacity 69294K, committed 69632K, reserved 1110016K
  class space    used 8034K, capacity 9636K, committed 9728K, reserved 1048576K
Event: 4.680 GC heap after
Heap after GC invocations=14 (full 3):
 PSYoungGen      total 86528K, used 18095K [0x00000000f5580000, 0x00000000fcd80000, 0x0000000100000000)
  eden space 65024K, 0% used [0x00000000f5580000,0x00000000f5580000,0x00000000f9500000)
  from space 21504K, 84% used [0x00000000f9500000,0x00000000fa6abef8,0x00000000faa00000)
  to   space 23040K, 0% used [0x00000000fb700000,0x00000000fb700000,0x00000000fcd80000)
 ParOldGen       total 107008K, used 34746K [0x00000000e0000000, 0x00000000e6880000, 0x00000000f5580000)
  object space 107008K, 32% used [0x00000000e0000000,0x00000000e21eea78,0x00000000e6880000)
 Metaspace       used 63835K, capacity 69294K, committed 69632K, reserved 1110016K
  class space    used 8034K, capacity 9636K, committed 9728K, reserved 1048576K
}
Event: 5.123 GC heap before
{Heap before GC invocations=15 (full 3):
 PSYoungGen      total 86528K, used 83119K [0x00000000f5580000, 0x00000000fcd80000, 0x0000000100000000)
  eden space 65024K, 100% used [0x00000000f5580000,0x00000000f9500000,0x00000000f9500000)
  from space 21504K, 84% used [0x00000000f9500000,0x00000000fa6abef8,0x00000000faa00000)
  to   space 23040K, 0% used [0x00000000fb700000,0x00000000fb700000,0x00000000fcd80000)
 ParOldGen       total 107008K, used 34750K [0x00000000e0000000, 0x00000000e6880000, 0x00000000f5580000)
  object space 107008K, 32% used [0x00000000e0000000,0x00000000e21efb68,0x00000000e6880000)
 Metaspace       used 68241K, capacity 74024K, committed 74112K, reserved 1114112K
  class space    used 8572K, capacity 10336K, committed 10368K, reserved 1048576K
Event: 5.131 GC heap after
Heap after GC invocations=15 (full 3):
 PSYoungGen      total 97280K, used 20929K [0x00000000f5580000, 0x00000000fd280000, 0x0000000100000000)
  eden space 74240K, 0% used [0x00000000f5580000,0x00000000f5580000,0x00000000f9e00000)
  from space 23040K, 90% used [0x00000000fb700000,0x00000000fcb707d0,0x00000000fcd80000)
  to   space 25600K, 0% used [0x00000000f9e00000,0x00000000f9e00000,0x00000000fb700000)
 ParOldGen       total 107008K, used 34758K [0x00000000e0000000, 0x00000000e6880000, 0x00000000f5580000)
  object space 107008K, 32% used [0x00000000e0000000,0x00000000e21f1b68,0x00000000e6880000)
 Metaspace       used 68241K, capacity 74024K, committed 74112K, reserved 1114112K
  class space    used 8572K, capacity 10336K, committed 10368K, reserved 1048576K
}
Event: 22.662 GC heap before
{Heap before GC invocations=16 (full 3):
 PSYoungGen      total 97280K, used 95169K [0x00000000f5580000, 0x00000000fd280000, 0x0000000100000000)
  eden space 74240K, 100% used [0x00000000f5580000,0x00000000f9e00000,0x00000000f9e00000)
  from space 23040K, 90% used [0x00000000fb700000,0x00000000fcb707d0,0x00000000fcd80000)
  to   space 25600K, 0% used [0x00000000f9e00000,0x00000000f9e00000,0x00000000fb700000)
 ParOldGen       total 107008K, used 34758K [0x00000000e0000000, 0x00000000e6880000, 0x00000000f5580000)
  object space 107008K, 32% used [0x00000000e0000000,0x00000000e21f1b68,0x00000000e6880000)
 Metaspace       used 73067K, capacity 78996K, committed 79232K, reserved 1118208K
  class space    used 9159K, capacity 11018K, committed 11136K, reserved 1048576K
Event: 22.670 GC heap after
Heap after GC invocations=16 (full 3):
 PSYoungGen      total 99840K, used 22131K [0x00000000f5580000, 0x00000000fde80000, 0x0000000100000000)
  eden space 74240K, 0% used [0x00000000f5580000,0x00000000f5580000,0x00000000f9e00000)
  from space 25600K, 86% used [0x00000000f9e00000,0x00000000fb39cf68,0x00000000fb700000)
  to   space 27648K, 0% used [0x00000000fc380000,0x00000000fc380000,0x00000000fde80000)
 ParOldGen       total 107008K, used 34766K [0x00000000e0000000, 0x00000000e6880000, 0x00000000f5580000)
  object space 107008K, 32% used [0x00000000e0000000,0x00000000e21f3b68,0x00000000e6880000)
 Metaspace       used 73067K, capacity 78996K, committed 79232K, reserved 1118208K
  class space    used 9159K, capacity 11018K, committed 11136K, reserved 1048576K
}

