# JRE version: Java(TM) SE Runtime Environment (8.0_45-b15) (build 1.8.0_45-b15)
# Java VM: Java HotSpot(TM) 64-Bit Server VM (25.45-b02 mixed mode windows-amd64 compressed oops)
Heap:
 PSYoungGen      total 88064K, used 21095K [0x00000000f5580000, 0x00000000fc680000, 0x0000000100000000)
  eden space 60416K, 13% used [0x00000000f5580000,0x00000000f5d933b8,0x00000000f9080000)
  from space 27648K, 46% used [0x00000000f9080000,0x00000000f9d06a30,0x00000000fab80000)
  to   space 26112K, 0% used [0x00000000fad00000,0x00000000fad00000,0x00000000fc680000)
 ParOldGen       total 104448K, used 56052K [0x00000000e0000000, 0x00000000e6600000, 0x00000000f5580000)
  object space 104448K, 53% used [0x00000000e0000000,0x00000000e36bd188,0x00000000e6600000)
 Metaspace       used 86368K, capacity 93242K, committed 93568K, reserved 1130496K
  class space    used 10781K, capacity 12859K, committed 12928K, reserved 1048576K
GC Heap History (10 events):
Event: 92.424 GC heap before
{Heap before GC invocations=21 (full 3):
 PSYoungGen      total 77824K, used 67374K [0x00000000f5580000, 0x00000000fc300000, 0x0000000100000000)
  eden space 53760K, 84% used [0x00000000f5580000,0x00000000f81b2ca0,0x00000000f8a00000)
  from space 24064K, 91% used [0x00000000f8a00000,0x00000000f9f98c90,0x00000000fa180000)
  to   space 26624K, 0% used [0x00000000fa900000,0x00000000fa900000,0x00000000fc300000)
 ParOldGen       total 104448K, used 40848K [0x00000000e0000000, 0x00000000e6600000, 0x00000000f5580000)
  object space 104448K, 39% used [0x00000000e0000000,0x00000000e27e4088,0x00000000e6600000)
 Metaspace       used 75223K, capacity 81594K, committed 81792K, reserved 1120256K
  class space    used 9420K, capacity 11355K, committed 11392K, reserved 1048576K
Event: 92.447 GC heap after
Heap after GC invocations=21 (full 3):
 PSYoungGen      total 83456K, used 23126K [0x00000000f5580000, 0x00000000fc700000, 0x0000000100000000)
  eden space 56832K, 0% used [0x00000000f5580000,0x00000000f5580000,0x00000000f8d00000)
  from space 26624K, 86% used [0x00000000fa900000,0x00000000fbf95a90,0x00000000fc300000)
  to   space 28672K, 0% used [0x00000000f8d00000,0x00000000f8d00000,0x00000000fa900000)
 ParOldGen       total 104448K, used 40856K [0x00000000e0000000, 0x00000000e6600000, 0x00000000f5580000)
  object space 104448K, 39% used [0x00000000e0000000,0x00000000e27e6088,0x00000000e6600000)
 Metaspace       used 75223K, capacity 81594K, committed 81792K, reserved 1120256K
  class space    used 9420K, capacity 11355K, committed 11392K, reserved 1048576K
}
Event: 92.447 GC heap before
{Heap before GC invocations=22 (full 4):
 PSYoungGen      total 83456K, used 23126K [0x00000000f5580000, 0x00000000fc700000, 0x0000000100000000)
  eden space 56832K, 0% used [0x00000000f5580000,0x00000000f5580000,0x00000000f8d00000)
  from space 26624K, 86% used [0x00000000fa900000,0x00000000fbf95a90,0x00000000fc300000)
  to   space 28672K, 0% used [0x00000000f8d00000,0x00000000f8d00000,0x00000000fa900000)
 ParOldGen       total 104448K, used 40856K [0x00000000e0000000, 0x00000000e6600000, 0x00000000f5580000)
  object space 104448K, 39% used [0x00000000e0000000,0x00000000e27e6088,0x00000000e6600000)
 Metaspace       used 75223K, capacity 81594K, committed 81792K, reserved 1120256K
  class space    used 9420K, capacity 11355K, committed 11392K, reserved 1048576K
Event: 92.733 GC heap after
Heap after GC invocations=22 (full 4):
 PSYoungGen      total 83456K, used 0K [0x00000000f5580000, 0x00000000fc700000, 0x0000000100000000)
  eden space 56832K, 0% used [0x00000000f5580000,0x00000000f5580000,0x00000000f8d00000)
  from space 26624K, 0% used [0x00000000fa900000,0x00000000fa900000,0x00000000fc300000)
  to   space 28672K, 0% used [0x00000000f8d00000,0x00000000f8d00000,0x00000000fa900000)
 ParOldGen       total 104448K, used 56028K [0x00000000e0000000, 0x00000000e6600000, 0x00000000f5580000)
  object space 104448K, 53% used [0x00000000e0000000,0x00000000e36b7188,0x00000000e6600000)
 Metaspace       used 75221K, capacity 81588K, committed 81792K, reserved 1120256K
  class space    used 9420K, capacity 11354K, committed 11392K, reserved 1048576K
}
Event: 104.617 GC heap before
{Heap before GC invocations=23 (full 4):
 PSYoungGen      total 83456K, used 56832K [0x00000000f5580000, 0x00000000fc700000, 0x0000000100000000)
  eden space 56832K, 100% used [0x00000000f5580000,0x00000000f8d00000,0x00000000f8d00000)
  from space 26624K, 0% used [0x00000000fa900000,0x00000000fa900000,0x00000000fc300000)
  to   space 28672K, 0% used [0x00000000f8d00000,0x00000000f8d00000,0x00000000fa900000)
 ParOldGen       total 104448K, used 56028K [0x00000000e0000000, 0x00000000e6600000, 0x00000000f5580000)
  object space 104448K, 53% used [0x00000000e0000000,0x00000000e36b7188,0x00000000e6600000)
 Metaspace       used 79628K, capacity 86126K, committed 86272K, reserved 1124352K
  class space    used 10007K, capacity 12003K, committed 12032K, reserved 1048576K
Event: 104.622 GC heap after
Heap after GC invocations=23 (full 4):
 PSYoungGen      total 85504K, used 9241K [0x00000000f5580000, 0x00000000fc800000, 0x0000000100000000)
  eden space 56832K, 0% used [0x00000000f5580000,0x00000000f5580000,0x00000000f8d00000)
  from space 28672K, 32% used [0x00000000f8d00000,0x00000000f9606670,0x00000000fa900000)
  to   space 28160K, 0% used [0x00000000fac80000,0x00000000fac80000,0x00000000fc800000)
 ParOldGen       total 104448K, used 56036K [0x00000000e0000000, 0x00000000e6600000, 0x00000000f5580000)
  object space 104448K, 53% used [0x00000000e0000000,0x00000000e36b9188,0x00000000e6600000)
 Metaspace       used 79628K, capacity 86126K, committed 86272K, reserved 1124352K
  class space    used 10007K, capacity 12003K, committed 12032K, reserved 1048576K
}
Event: 126.448 GC heap before
{Heap before GC invocations=24 (full 4):
 PSYoungGen      total 85504K, used 66073K [0x00000000f5580000, 0x00000000fc800000, 0x0000000100000000)
  eden space 56832K, 100% used [0x00000000f5580000,0x00000000f8d00000,0x00000000f8d00000)
  from space 28672K, 32% used [0x00000000f8d00000,0x00000000f9606670,0x00000000fa900000)
  to   space 28160K, 0% used [0x00000000fac80000,0x00000000fac80000,0x00000000fc800000)
 ParOldGen       total 104448K, used 56036K [0x00000000e0000000, 0x00000000e6600000, 0x00000000f5580000)
  object space 104448K, 53% used [0x00000000e0000000,0x00000000e36b9188,0x00000000e6600000)
 Metaspace       used 81118K, capacity 87694K, committed 87808K, reserved 1124352K
  class space    used 10159K, capacity 12227K, committed 12288K, reserved 1048576K
Event: 126.452 GC heap after
Heap after GC invocations=24 (full 4):
 PSYoungGen      total 87040K, used 8335K [0x00000000f5580000, 0x00000000fc680000, 0x0000000100000000)
  eden space 60416K, 0% used [0x00000000f5580000,0x00000000f5580000,0x00000000f9080000)
  from space 26624K, 31% used [0x00000000fac80000,0x00000000fb4a3f50,0x00000000fc680000)
  to   space 27648K, 0% used [0x00000000f9080000,0x00000000f9080000,0x00000000fab80000)
 ParOldGen       total 104448K, used 56044K [0x00000000e0000000, 0x00000000e6600000, 0x00000000f5580000)
  object space 104448K, 53% used [0x00000000e0000000,0x00000000e36bb188,0x00000000e6600000)
 Metaspace       used 81118K, capacity 87694K, committed 87808K, reserved 1124352K
  class space    used 10159K, capacity 12227K, committed 12288K, reserved 1048576K
}
Event: 135.100 GC heap before
{Heap before GC invocations=25 (full 4):
 PSYoungGen      total 87040K, used 68751K [0x00000000f5580000, 0x00000000fc680000, 0x0000000100000000)
  eden space 60416K, 100% used [0x00000000f5580000,0x00000000f9080000,0x00000000f9080000)
  from space 26624K, 31% used [0x00000000fac80000,0x00000000fb4a3f50,0x00000000fc680000)
  to   space 27648K, 0% used [0x00000000f9080000,0x00000000f9080000,0x00000000fab80000)
 ParOldGen       total 104448K, used 56044K [0x00000000e0000000, 0x00000000e6600000, 0x00000000f5580000)
  object space 104448K, 53% used [0x00000000e0000000,0x00000000e36bb188,0x00000000e6600000)
 Metaspace       used 85991K, capacity 92716K, committed 93056K, reserved 1130496K
  class space    used 10742K, capacity 12854K, committed 12928K, reserved 1048576K
Event: 135.107 GC heap after
Heap after GC invocations=25 (full 4):
 PSYoungGen      total 88064K, used 12826K [0x00000000f5580000, 0x00000000fc680000, 0x0000000100000000)
  eden space 60416K, 0% used [0x00000000f5580000,0x00000000f5580000,0x00000000f9080000)
  from space 27648K, 46% used [0x00000000f9080000,0x00000000f9d06a30,0x00000000fab80000)
  to   space 26112K, 0% used [0x00000000fad00000,0x00000000fad00000,0x00000000fc680000)
 ParOldGen       total 104448K, used 56052K [0x00000000e0000000, 0x00000000e6600000, 0x00000000f5580000)
  object space 104448K, 53% used [0x00000000e0000000,0x00000000e36bd188,0x00000000e6600000)
 Metaspace       used 85991K, capacity 92716K, committed 93056K, reserved 1130496K
  class space    used 10742K, capacity 12854K, committed 12928K, reserved 1048576K
}

