# JRE version: Java(TM) SE Runtime Environment (8.0_45-b15) (build 1.8.0_45-b15)
# Java VM: Java HotSpot(TM) 64-Bit Server VM (25.45-b02 mixed mode windows-amd64 compressed oops)
Heap:
 PSYoungGen      total 105984K, used 73123K [0x00000000f5580000, 0x00000000fec80000, 0x0000000100000000)
  eden space 88064K, 62% used [0x00000000f5580000,0x00000000f8b72ce8,0x00000000fab80000)
  from space 17920K, 99% used [0x00000000fae00000,0x00000000fbf76170,0x00000000fbf80000)
  to   space 33280K, 0% used [0x00000000fcc00000,0x00000000fcc00000,0x00000000fec80000)
 ParOldGen       total 107008K, used 48864K [0x00000000e0000000, 0x00000000e6880000, 0x00000000f5580000)
  object space 107008K, 45% used [0x00000000e0000000,0x00000000e2fb82a0,0x00000000e6880000)
 Metaspace       used 89524K, capacity 96386K, committed 96512K, reserved 1132544K
  class space    used 11195K, capacity 13237K, committed 13312K, reserved 1048576K
GC Heap History (10 events):
Event: 85.327 GC heap before
{Heap before GC invocations=16 (full 3):
 PSYoungGen      total 98816K, used 98815K [0x00000000f5580000, 0x00000000fd080000, 0x0000000100000000)
  eden space 77312K, 100% used [0x00000000f5580000,0x00000000fa100000,0x00000000fa100000)
  from space 21504K, 99% used [0x00000000fb880000,0x00000000fcd7fcc8,0x00000000fcd80000)
  to   space 24064K, 0% used [0x00000000fa100000,0x00000000fa100000,0x00000000fb880000)
 ParOldGen       total 107008K, used 34515K [0x00000000e0000000, 0x00000000e6880000, 0x00000000f5580000)
  object space 107008K, 32% used [0x00000000e0000000,0x00000000e21b4ec8,0x00000000e6880000)
 Metaspace       used 73067K, capacity 79168K, committed 79488K, reserved 1118208K
  class space    used 9134K, capacity 11078K, committed 11136K, reserved 1048576K
Event: 85.336 GC heap after
Heap after GC invocations=16 (full 3):
 PSYoungGen      total 101376K, used 22527K [0x00000000f5580000, 0x00000000fe100000, 0x0000000100000000)
  eden space 77312K, 0% used [0x00000000f5580000,0x00000000f5580000,0x00000000fa100000)
  from space 24064K, 93% used [0x00000000fa100000,0x00000000fb6fff68,0x00000000fb880000)
  to   space 27136K, 0% used [0x00000000fc680000,0x00000000fc680000,0x00000000fe100000)
 ParOldGen       total 107008K, used 34523K [0x00000000e0000000, 0x00000000e6880000, 0x00000000f5580000)
  object space 107008K, 32% used [0x00000000e0000000,0x00000000e21b6ec8,0x00000000e6880000)
 Metaspace       used 73067K, capacity 79168K, committed 79488K, reserved 1118208K
  class space    used 9134K, capacity 11078K, committed 11136K, reserved 1048576K
}
Event: 113.295 GC heap before
{Heap before GC invocations=17 (full 3):
 PSYoungGen      total 101376K, used 99839K [0x00000000f5580000, 0x00000000fe100000, 0x0000000100000000)
  eden space 77312K, 100% used [0x00000000f5580000,0x00000000fa100000,0x00000000fa100000)
  from space 24064K, 93% used [0x00000000fa100000,0x00000000fb6fff68,0x00000000fb880000)
  to   space 27136K, 0% used [0x00000000fc680000,0x00000000fc680000,0x00000000fe100000)
 ParOldGen       total 107008K, used 34523K [0x00000000e0000000, 0x00000000e6880000, 0x00000000f5580000)
  object space 107008K, 32% used [0x00000000e0000000,0x00000000e21b6ec8,0x00000000e6880000)
 Metaspace       used 77091K, capacity 83344K, committed 83584K, reserved 1122304K
  class space    used 9632K, capacity 11644K, committed 11648K, reserved 1048576K
Event: 113.307 GC heap after
Heap after GC invocations=17 (full 3):
 PSYoungGen      total 111616K, used 27117K [0x00000000f5580000, 0x00000000fe700000, 0x0000000100000000)
  eden space 84480K, 0% used [0x00000000f5580000,0x00000000f5580000,0x00000000fa800000)
  from space 27136K, 99% used [0x00000000fc680000,0x00000000fe0fb558,0x00000000fe100000)
  to   space 31232K, 0% used [0x00000000fa800000,0x00000000fa800000,0x00000000fc680000)
 ParOldGen       total 107008K, used 35539K [0x00000000e0000000, 0x00000000e6880000, 0x00000000f5580000)
  object space 107008K, 33% used [0x00000000e0000000,0x00000000e22b4d28,0x00000000e6880000)
 Metaspace       used 77091K, capacity 83344K, committed 83584K, reserved 1122304K
  class space    used 9632K, capacity 11644K, committed 11648K, reserved 1048576K
}
Event: 194.780 GC heap before
{Heap before GC invocations=18 (full 3):
 PSYoungGen      total 111616K, used 111597K [0x00000000f5580000, 0x00000000fe700000, 0x0000000100000000)
  eden space 84480K, 100% used [0x00000000f5580000,0x00000000fa800000,0x00000000fa800000)
  from space 27136K, 99% used [0x00000000fc680000,0x00000000fe0fb558,0x00000000fe100000)
  to   space 31232K, 0% used [0x00000000fa800000,0x00000000fa800000,0x00000000fc680000)
 ParOldGen       total 107008K, used 35539K [0x00000000e0000000, 0x00000000e6880000, 0x00000000f5580000)
  object space 107008K, 33% used [0x00000000e0000000,0x00000000e22b4d28,0x00000000e6880000)
 Metaspace       used 82443K, capacity 89022K, committed 89344K, reserved 1126400K
  class space    used 10396K, capacity 12455K, committed 12544K, reserved 1048576K
Event: 194.790 GC heap after
Heap after GC invocations=18 (full 3):
 PSYoungGen      total 115712K, used 31225K [0x00000000f5580000, 0x00000000ff680000, 0x0000000100000000)
  eden space 84480K, 0% used [0x00000000f5580000,0x00000000f5580000,0x00000000fa800000)
  from space 31232K, 99% used [0x00000000fa800000,0x00000000fc67e7d0,0x00000000fc680000)
  to   space 36352K, 0% used [0x00000000fd300000,0x00000000fd300000,0x00000000ff680000)
 ParOldGen       total 107008K, used 36653K [0x00000000e0000000, 0x00000000e6880000, 0x00000000f5580000)
  object space 107008K, 34% used [0x00000000e0000000,0x00000000e23cb4c0,0x00000000e6880000)
 Metaspace       used 82443K, capacity 89022K, committed 89344K, reserved 1126400K
  class space    used 10396K, capacity 12455K, committed 12544K, reserved 1048576K
}
Event: 320.312 GC heap before
{Heap before GC invocations=19 (full 3):
 PSYoungGen      total 115712K, used 115705K [0x00000000f5580000, 0x00000000ff680000, 0x0000000100000000)
  eden space 84480K, 100% used [0x00000000f5580000,0x00000000fa800000,0x00000000fa800000)
  from space 31232K, 99% used [0x00000000fa800000,0x00000000fc67e7d0,0x00000000fc680000)
  to   space 36352K, 0% used [0x00000000fd300000,0x00000000fd300000,0x00000000ff680000)
 ParOldGen       total 107008K, used 36653K [0x00000000e0000000, 0x00000000e6880000, 0x00000000f5580000)
  object space 107008K, 34% used [0x00000000e0000000,0x00000000e23cb4c0,0x00000000e6880000)
 Metaspace       used 83597K, capacity 90396K, committed 90624K, reserved 1128448K
  class space    used 10458K, capacity 12525K, committed 12544K, reserved 1048576K
Event: 320.351 GC heap after
Heap after GC invocations=19 (full 3):
 PSYoungGen      total 121344K, used 15890K [0x00000000f5580000, 0x00000000ff100000, 0x0000000100000000)
  eden space 90624K, 0% used [0x00000000f5580000,0x00000000f5580000,0x00000000fae00000)
  from space 30720K, 51% used [0x00000000fd300000,0x00000000fe284800,0x00000000ff100000)
  to   space 34304K, 0% used [0x00000000fae00000,0x00000000fae00000,0x00000000fcf80000)
 ParOldGen       total 107008K, used 48856K [0x00000000e0000000, 0x00000000e6880000, 0x00000000f5580000)
  object space 107008K, 45% used [0x00000000e0000000,0x00000000e2fb62a0,0x00000000e6880000)
 Metaspace       used 83597K, capacity 90396K, committed 90624K, reserved 1128448K
  class space    used 10458K, capacity 12525K, committed 12544K, reserved 1048576K
}
Event: 1371.351 GC heap before
{Heap before GC invocations=20 (full 3):
 PSYoungGen      total 121344K, used 106514K [0x00000000f5580000, 0x00000000ff100000, 0x0000000100000000)
  eden space 90624K, 100% used [0x00000000f5580000,0x00000000fae00000,0x00000000fae00000)
  from space 30720K, 51% used [0x00000000fd300000,0x00000000fe284800,0x00000000ff100000)
  to   space 34304K, 0% used [0x00000000fae00000,0x00000000fae00000,0x00000000fcf80000)
 ParOldGen       total 107008K, used 48856K [0x00000000e0000000, 0x00000000e6880000, 0x00000000f5580000)
  object space 107008K, 45% used [0x00000000e0000000,0x00000000e2fb62a0,0x00000000e6880000)
 Metaspace       used 84268K, capacity 91246K, committed 91520K, reserved 1128448K
  class space    used 10510K, capacity 12592K, committed 12672K, reserved 1048576K
Event: 1371.358 GC heap after
Heap after GC invocations=20 (full 3):
 PSYoungGen      total 105984K, used 17880K [0x00000000f5580000, 0x00000000fec80000, 0x0000000100000000)
  eden space 88064K, 0% used [0x00000000f5580000,0x00000000f5580000,0x00000000fab80000)
  from space 17920K, 99% used [0x00000000fae00000,0x00000000fbf76170,0x00000000fbf80000)
  to   space 33280K, 0% used [0x00000000fcc00000,0x00000000fcc00000,0x00000000fec80000)
 ParOldGen       total 107008K, used 48864K [0x00000000e0000000, 0x00000000e6880000, 0x00000000f5580000)
  object space 107008K, 45% used [0x00000000e0000000,0x00000000e2fb82a0,0x00000000e6880000)
 Metaspace       used 84268K, capacity 91246K, committed 91520K, reserved 1128448K
  class space    used 10510K, capacity 12592K, committed 12672K, reserved 1048576K
}

