# JRE version: Java(TM) SE Runtime Environment (8.0_66-b18) (build 1.8.0_66-b18)
# Java VM: Java HotSpot(TM) 64-Bit Server VM (25.66-b18 mixed mode windows-amd64 compressed oops)
Heap:
 PSYoungGen      total 111616K, used 71464K [0x00000000f5580000, 0x0000000100000000, 0x0000000100000000)
  eden space 78336K, 91% used [0x00000000f5580000,0x00000000f9b4a248,0x00000000fa200000)
  from space 33280K, 0% used [0x00000000fa400000,0x00000000fa400000,0x00000000fc480000)
  to   space 49152K, 0% used [0x00000000fd000000,0x00000000fd000000,0x0000000100000000)
 ParOldGen       total 206336K, used 72423K [0x00000000e0000000, 0x00000000ec980000, 0x00000000f5580000)
  object space 206336K, 35% used [0x00000000e0000000,0x00000000e46b9c80,0x00000000ec980000)
 Metaspace       used 92565K, capacity 99810K, committed 99992K, reserved 1136640K
  class space    used 11318K, capacity 13478K, committed 13488K, reserved 1048576K
GC Heap History (10 events):
Event: 91.679 GC heap before
{Heap before GC invocations=15 (full 3):
 PSYoungGen      total 129536K, used 125412K [0x00000000f5580000, 0x0000000100000000, 0x0000000100000000)
  eden space 94208K, 100% used [0x00000000f5580000,0x00000000fb180000,0x00000000fb180000)
  from space 35328K, 88% used [0x00000000fb180000,0x00000000fcff9018,0x00000000fd400000)
  to   space 38912K, 0% used [0x00000000fda00000,0x00000000fda00000,0x0000000100000000)
 ParOldGen       total 143872K, used 49513K [0x00000000e0000000, 0x00000000e8c80000, 0x00000000f5580000)
  object space 143872K, 34% used [0x00000000e0000000,0x00000000e305a560,0x00000000e8c80000)
 Metaspace       used 87004K, capacity 93858K, committed 93976K, reserved 1130496K
  class space    used 10676K, capacity 12775K, committed 12848K, reserved 1048576K
Event: 91.690 GC heap after
Heap after GC invocations=15 (full 3):
 PSYoungGen      total 130560K, used 31205K [0x00000000f5580000, 0x0000000100000000, 0x0000000100000000)
  eden space 91648K, 0% used [0x00000000f5580000,0x00000000f5580000,0x00000000faf00000)
  from space 38912K, 80% used [0x00000000fda00000,0x00000000ff879588,0x0000000100000000)
  to   space 41472K, 0% used [0x00000000faf00000,0x00000000faf00000,0x00000000fd780000)
 ParOldGen       total 143872K, used 49521K [0x00000000e0000000, 0x00000000e8c80000, 0x00000000f5580000)
  object space 143872K, 34% used [0x00000000e0000000,0x00000000e305c560,0x00000000e8c80000)
 Metaspace       used 87004K, capacity 93858K, committed 93976K, reserved 1130496K
  class space    used 10676K, capacity 12775K, committed 12848K, reserved 1048576K
}
Event: 105.153 GC heap before
{Heap before GC invocations=16 (full 3):
 PSYoungGen      total 130560K, used 122853K [0x00000000f5580000, 0x0000000100000000, 0x0000000100000000)
  eden space 91648K, 100% used [0x00000000f5580000,0x00000000faf00000,0x00000000faf00000)
  from space 38912K, 80% used [0x00000000fda00000,0x00000000ff879588,0x0000000100000000)
  to   space 41472K, 0% used [0x00000000faf00000,0x00000000faf00000,0x00000000fd780000)
 ParOldGen       total 143872K, used 49521K [0x00000000e0000000, 0x00000000e8c80000, 0x00000000f5580000)
  object space 143872K, 34% used [0x00000000e0000000,0x00000000e305c560,0x00000000e8c80000)
 Metaspace       used 90756K, capacity 97852K, committed 98072K, reserved 1134592K
  class space    used 11168K, capacity 13242K, committed 13360K, reserved 1048576K
Event: 105.165 GC heap after
Heap after GC invocations=16 (full 3):
 PSYoungGen      total 126976K, used 35008K [0x00000000f5580000, 0x0000000100000000, 0x0000000100000000)
  eden space 91648K, 0% used [0x00000000f5580000,0x00000000f5580000,0x00000000faf00000)
  from space 35328K, 99% used [0x00000000faf00000,0x00000000fd130220,0x00000000fd180000)
  to   space 45056K, 0% used [0x00000000fd400000,0x00000000fd400000,0x0000000100000000)
 ParOldGen       total 143872K, used 49529K [0x00000000e0000000, 0x00000000e8c80000, 0x00000000f5580000)
  object space 143872K, 34% used [0x00000000e0000000,0x00000000e305e560,0x00000000e8c80000)
 Metaspace       used 90756K, capacity 97852K, committed 98072K, reserved 1134592K
  class space    used 11168K, capacity 13242K, committed 13360K, reserved 1048576K
}
Event: 116.636 GC heap before
{Heap before GC invocations=17 (full 3):
 PSYoungGen      total 126976K, used 126656K [0x00000000f5580000, 0x0000000100000000, 0x0000000100000000)
  eden space 91648K, 100% used [0x00000000f5580000,0x00000000faf00000,0x00000000faf00000)
  from space 35328K, 99% used [0x00000000faf00000,0x00000000fd130220,0x00000000fd180000)
  to   space 45056K, 0% used [0x00000000fd400000,0x00000000fd400000,0x0000000100000000)
 ParOldGen       total 143872K, used 49529K [0x00000000e0000000, 0x00000000e8c80000, 0x00000000f5580000)
  object space 143872K, 34% used [0x00000000e0000000,0x00000000e305e560,0x00000000e8c80000)
 Metaspace       used 91215K, capacity 98460K, committed 98584K, reserved 1134592K
  class space    used 11193K, capacity 13313K, committed 13360K, reserved 1048576K
Event: 116.663 GC heap after
Heap after GC invocations=17 (full 3):
 PSYoungGen      total 125440K, used 32748K [0x00000000f5580000, 0x0000000100000000, 0x0000000100000000)
  eden space 80384K, 0% used [0x00000000f5580000,0x00000000f5580000,0x00000000fa400000)
  from space 45056K, 72% used [0x00000000fd400000,0x00000000ff3fb120,0x0000000100000000)
  to   space 47104K, 0% used [0x00000000fa400000,0x00000000fa400000,0x00000000fd200000)
 ParOldGen       total 143872K, used 49537K [0x00000000e0000000, 0x00000000e8c80000, 0x00000000f5580000)
  object space 143872K, 34% used [0x00000000e0000000,0x00000000e3060560,0x00000000e8c80000)
 Metaspace       used 91215K, capacity 98460K, committed 98584K, reserved 1134592K
  class space    used 11193K, capacity 13313K, committed 13360K, reserved 1048576K
}
Event: 229.229 GC heap before
{Heap before GC invocations=18 (full 3):
 PSYoungGen      total 125440K, used 46009K [0x00000000f5580000, 0x0000000100000000, 0x0000000100000000)
  eden space 80384K, 16% used [0x00000000f5580000,0x00000000f62732f0,0x00000000fa400000)
  from space 45056K, 72% used [0x00000000fd400000,0x00000000ff3fb120,0x0000000100000000)
  to   space 47104K, 0% used [0x00000000fa400000,0x00000000fa400000,0x00000000fd200000)
 ParOldGen       total 143872K, used 49537K [0x00000000e0000000, 0x00000000e8c80000, 0x00000000f5580000)
  object space 143872K, 34% used [0x00000000e0000000,0x00000000e3060560,0x00000000e8c80000)
 Metaspace       used 91339K, capacity 98528K, committed 98584K, reserved 1134592K
  class space    used 11193K, capacity 13313K, committed 13360K, reserved 1048576K
Event: 229.240 GC heap after
Heap after GC invocations=18 (full 3):
 PSYoungGen      total 111616K, used 33092K [0x00000000f5580000, 0x0000000100000000, 0x0000000100000000)
  eden space 78336K, 0% used [0x00000000f5580000,0x00000000f5580000,0x00000000fa200000)
  from space 33280K, 99% used [0x00000000fa400000,0x00000000fc4511b0,0x00000000fc480000)
  to   space 49152K, 0% used [0x00000000fd000000,0x00000000fd000000,0x0000000100000000)
 ParOldGen       total 143872K, used 49545K [0x00000000e0000000, 0x00000000e8c80000, 0x00000000f5580000)
  object space 143872K, 34% used [0x00000000e0000000,0x00000000e3062560,0x00000000e8c80000)
 Metaspace       used 91339K, capacity 98528K, committed 98584K, reserved 1134592K
  class space    used 11193K, capacity 13313K, committed 13360K, reserved 1048576K
}
Event: 229.240 GC heap before
{Heap before GC invocations=19 (full 4):
 PSYoungGen      total 111616K, used 33092K [0x00000000f5580000, 0x0000000100000000, 0x0000000100000000)
  eden space 78336K, 0% used [0x00000000f5580000,0x00000000f5580000,0x00000000fa200000)
  from space 33280K, 99% used [0x00000000fa400000,0x00000000fc4511b0,0x00000000fc480000)
  to   space 49152K, 0% used [0x00000000fd000000,0x00000000fd000000,0x0000000100000000)
 ParOldGen       total 143872K, used 49545K [0x00000000e0000000, 0x00000000e8c80000, 0x00000000f5580000)
  object space 143872K, 34% used [0x00000000e0000000,0x00000000e3062560,0x00000000e8c80000)
 Metaspace       used 91339K, capacity 98528K, committed 98584K, reserved 1134592K
  class space    used 11193K, capacity 13313K, committed 13360K, reserved 1048576K
Event: 229.384 GC heap after
Heap after GC invocations=19 (full 4):
 PSYoungGen      total 111616K, used 0K [0x00000000f5580000, 0x0000000100000000, 0x0000000100000000)
  eden space 78336K, 0% used [0x00000000f5580000,0x00000000f5580000,0x00000000fa200000)
  from space 33280K, 0% used [0x00000000fa400000,0x00000000fa400000,0x00000000fc480000)
  to   space 49152K, 0% used [0x00000000fd000000,0x00000000fd000000,0x0000000100000000)
 ParOldGen       total 206336K, used 72423K [0x00000000e0000000, 0x00000000ec980000, 0x00000000f5580000)
  object space 206336K, 35% used [0x00000000e0000000,0x00000000e46b9c80,0x00000000ec980000)
 Metaspace       used 91339K, capacity 98528K, committed 98584K, reserved 1134592K
  class space    used 11193K, capacity 13313K, committed 13360K, reserved 1048576K
}

