# JRE version: Java(TM) SE Runtime Environment (8.0_45-b15) (build 1.8.0_45-b15)
# Java VM: Java HotSpot(TM) 64-Bit Server VM (25.45-b02 mixed mode windows-amd64 compressed oops)
Heap:
 PSYoungGen      total 115712K, used 69144K [0x00000000f5580000, 0x00000000fef80000, 0x0000000100000000)
  eden space 84992K, 45% used [0x00000000f5580000,0x00000000f7b06918,0x00000000fa880000)
  from space 30720K, 99% used [0x00000000fcb00000,0x00000000fe8ff6f0,0x00000000fe900000)
  to   space 35328K, 0% used [0x00000000fa880000,0x00000000fa880000,0x00000000fcb00000)
 ParOldGen       total 103936K, used 46973K [0x00000000e0000000, 0x00000000e6580000, 0x00000000f5580000)
  object space 103936K, 45% used [0x00000000e0000000,0x00000000e2ddf668,0x00000000e6580000)
 Metaspace       used 84974K, capacity 91542K, committed 91776K, reserved 1128448K
  class space    used 10827K, capacity 12837K, committed 12928K, reserved 1048576K
GC Heap History (10 events):
Event: 3.553 GC heap before
{Heap before GC invocations=13 (full 3):
 PSYoungGen      total 85504K, used 12555K [0x00000000f5580000, 0x00000000fc500000, 0x0000000100000000)
  eden space 65024K, 0% used [0x00000000f5580000,0x00000000f5580000,0x00000000f9500000)
  from space 20480K, 61% used [0x00000000fa900000,0x00000000fb542ec0,0x00000000fbd00000)
  to   space 20480K, 0% used [0x00000000f9500000,0x00000000f9500000,0x00000000fa900000)
 ParOldGen       total 81920K, used 29053K [0x00000000e0000000, 0x00000000e5000000, 0x00000000f5580000)
  object space 81920K, 35% used [0x00000000e0000000,0x00000000e1c5f758,0x00000000e5000000)
 Metaspace       used 55071K, capacity 59066K, committed 59136K, reserved 1099776K
  class space    used 6877K, capacity 8126K, committed 8192K, reserved 1048576K
Event: 3.676 GC heap after
Heap after GC invocations=13 (full 3):
 PSYoungGen      total 85504K, used 0K [0x00000000f5580000, 0x00000000fc500000, 0x0000000100000000)
  eden space 65024K, 0% used [0x00000000f5580000,0x00000000f5580000,0x00000000f9500000)
  from space 20480K, 0% used [0x00000000fa900000,0x00000000fa900000,0x00000000fbd00000)
  to   space 20480K, 0% used [0x00000000f9500000,0x00000000f9500000,0x00000000fa900000)
 ParOldGen       total 103936K, used 33679K [0x00000000e0000000, 0x00000000e6580000, 0x00000000f5580000)
  object space 103936K, 32% used [0x00000000e0000000,0x00000000e20e3fa8,0x00000000e6580000)
 Metaspace       used 55071K, capacity 59066K, committed 59136K, reserved 1099776K
  class space    used 6877K, capacity 8126K, committed 8192K, reserved 1048576K
}
Event: 3.912 GC heap before
{Heap before GC invocations=14 (full 3):
 PSYoungGen      total 85504K, used 65024K [0x00000000f5580000, 0x00000000fc500000, 0x0000000100000000)
  eden space 65024K, 100% used [0x00000000f5580000,0x00000000f9500000,0x00000000f9500000)
  from space 20480K, 0% used [0x00000000fa900000,0x00000000fa900000,0x00000000fbd00000)
  to   space 20480K, 0% used [0x00000000f9500000,0x00000000f9500000,0x00000000fa900000)
 ParOldGen       total 103936K, used 33679K [0x00000000e0000000, 0x00000000e6580000, 0x00000000f5580000)
  object space 103936K, 32% used [0x00000000e0000000,0x00000000e20e3fa8,0x00000000e6580000)
 Metaspace       used 59507K, capacity 63666K, committed 63744K, reserved 1103872K
  class space    used 7559K, capacity 8910K, committed 8960K, reserved 1048576K
Event: 3.918 GC heap after
Heap after GC invocations=14 (full 3):
 PSYoungGen      total 85504K, used 12179K [0x00000000f5580000, 0x00000000fcb80000, 0x0000000100000000)
  eden space 65024K, 0% used [0x00000000f5580000,0x00000000f5580000,0x00000000f9500000)
  from space 20480K, 59% used [0x00000000f9500000,0x00000000fa0e4f70,0x00000000fa900000)
  to   space 19968K, 0% used [0x00000000fb800000,0x00000000fb800000,0x00000000fcb80000)
 ParOldGen       total 103936K, used 33687K [0x00000000e0000000, 0x00000000e6580000, 0x00000000f5580000)
  object space 103936K, 32% used [0x00000000e0000000,0x00000000e20e5fa8,0x00000000e6580000)
 Metaspace       used 59507K, capacity 63666K, committed 63744K, reserved 1103872K
  class space    used 7559K, capacity 8910K, committed 8960K, reserved 1048576K
}
Event: 23.423 GC heap before
{Heap before GC invocations=15 (full 3):
 PSYoungGen      total 85504K, used 77203K [0x00000000f5580000, 0x00000000fcb80000, 0x0000000100000000)
  eden space 65024K, 100% used [0x00000000f5580000,0x00000000f9500000,0x00000000f9500000)
  from space 20480K, 59% used [0x00000000f9500000,0x00000000fa0e4f70,0x00000000fa900000)
  to   space 19968K, 0% used [0x00000000fb800000,0x00000000fb800000,0x00000000fcb80000)
 ParOldGen       total 103936K, used 33687K [0x00000000e0000000, 0x00000000e6580000, 0x00000000f5580000)
  object space 103936K, 32% used [0x00000000e0000000,0x00000000e20e5fa8,0x00000000e6580000)
 Metaspace       used 69107K, capacity 74524K, committed 74880K, reserved 1114112K
  class space    used 8755K, capacity 10508K, committed 10624K, reserved 1048576K
Event: 23.434 GC heap after
Heap after GC invocations=15 (full 3):
 PSYoungGen      total 96768K, used 19967K [0x00000000f5580000, 0x00000000fd100000, 0x0000000100000000)
  eden space 76800K, 0% used [0x00000000f5580000,0x00000000f5580000,0x00000000fa080000)
  from space 19968K, 99% used [0x00000000fb800000,0x00000000fcb7fc50,0x00000000fcb80000)
  to   space 24064K, 0% used [0x00000000fa080000,0x00000000fa080000,0x00000000fb800000)
 ParOldGen       total 103936K, used 37341K [0x00000000e0000000, 0x00000000e6580000, 0x00000000f5580000)
  object space 103936K, 35% used [0x00000000e0000000,0x00000000e2477738,0x00000000e6580000)
 Metaspace       used 69107K, capacity 74524K, committed 74880K, reserved 1114112K
  class space    used 8755K, capacity 10508K, committed 10624K, reserved 1048576K
}
Event: 32.711 GC heap before
{Heap before GC invocations=16 (full 3):
 PSYoungGen      total 96768K, used 96767K [0x00000000f5580000, 0x00000000fd100000, 0x0000000100000000)
  eden space 76800K, 100% used [0x00000000f5580000,0x00000000fa080000,0x00000000fa080000)
  from space 19968K, 99% used [0x00000000fb800000,0x00000000fcb7fc50,0x00000000fcb80000)
  to   space 24064K, 0% used [0x00000000fa080000,0x00000000fa080000,0x00000000fb800000)
 ParOldGen       total 103936K, used 37341K [0x00000000e0000000, 0x00000000e6580000, 0x00000000f5580000)
  object space 103936K, 35% used [0x00000000e0000000,0x00000000e2477738,0x00000000e6580000)
 Metaspace       used 78560K, capacity 85114K, committed 85248K, reserved 1122304K
  class space    used 10003K, capacity 11981K, committed 12032K, reserved 1048576K
Event: 32.723 GC heap after
Heap after GC invocations=16 (full 3):
 PSYoungGen      total 100864K, used 24046K [0x00000000f5580000, 0x00000000fe900000, 0x0000000100000000)
  eden space 76800K, 0% used [0x00000000f5580000,0x00000000f5580000,0x00000000fa080000)
  from space 24064K, 99% used [0x00000000fa080000,0x00000000fb7fb940,0x00000000fb800000)
  to   space 30720K, 0% used [0x00000000fcb00000,0x00000000fcb00000,0x00000000fe900000)
 ParOldGen       total 103936K, used 46447K [0x00000000e0000000, 0x00000000e6580000, 0x00000000f5580000)
  object space 103936K, 44% used [0x00000000e0000000,0x00000000e2d5be38,0x00000000e6580000)
 Metaspace       used 78560K, capacity 85114K, committed 85248K, reserved 1122304K
  class space    used 10003K, capacity 11981K, committed 12032K, reserved 1048576K
}
Event: 73.260 GC heap before
{Heap before GC invocations=17 (full 3):
 PSYoungGen      total 100864K, used 100846K [0x00000000f5580000, 0x00000000fe900000, 0x0000000100000000)
  eden space 76800K, 100% used [0x00000000f5580000,0x00000000fa080000,0x00000000fa080000)
  from space 24064K, 99% used [0x00000000fa080000,0x00000000fb7fb940,0x00000000fb800000)
  to   space 30720K, 0% used [0x00000000fcb00000,0x00000000fcb00000,0x00000000fe900000)
 ParOldGen       total 103936K, used 46447K [0x00000000e0000000, 0x00000000e6580000, 0x00000000f5580000)
  object space 103936K, 44% used [0x00000000e0000000,0x00000000e2d5be38,0x00000000e6580000)
 Metaspace       used 83152K, capacity 89684K, committed 89856K, reserved 1126400K
  class space    used 10626K, capacity 12731K, committed 12800K, reserved 1048576K
Event: 73.272 GC heap after
Heap after GC invocations=17 (full 3):
 PSYoungGen      total 115712K, used 30717K [0x00000000f5580000, 0x00000000fef80000, 0x0000000100000000)
  eden space 84992K, 0% used [0x00000000f5580000,0x00000000f5580000,0x00000000fa880000)
  from space 30720K, 99% used [0x00000000fcb00000,0x00000000fe8ff6f0,0x00000000fe900000)
  to   space 35328K, 0% used [0x00000000fa880000,0x00000000fa880000,0x00000000fcb00000)
 ParOldGen       total 103936K, used 46973K [0x00000000e0000000, 0x00000000e6580000, 0x00000000f5580000)
  object space 103936K, 45% used [0x00000000e0000000,0x00000000e2ddf668,0x00000000e6580000)
 Metaspace       used 83152K, capacity 89684K, committed 89856K, reserved 1126400K
  class space    used 10626K, capacity 12731K, committed 12800K, reserved 1048576K
}

