# JRE version: Java(TM) SE Runtime Environment (8.0_45-b15) (build 1.8.0_45-b15)
# Java VM: Java HotSpot(TM) 64-Bit Server VM (25.45-b02 mixed mode windows-amd64 compressed oops)
Heap:
 PSYoungGen      total 142336K, used 44792K [0x00000000f5580000, 0x0000000100000000, 0x0000000100000000)
  eden space 111104K, 21% used [0x00000000f5580000,0x00000000f6d29420,0x00000000fc200000)
  from space 31232K, 65% used [0x00000000fe180000,0x00000000ff594ef8,0x0000000100000000)
  to   space 31744K, 0% used [0x00000000fc200000,0x00000000fc200000,0x00000000fe100000)
 ParOldGen       total 97280K, used 50662K [0x00000000e0000000, 0x00000000e5f00000, 0x00000000f5580000)
  object space 97280K, 52% used [0x00000000e0000000,0x00000000e3179988,0x00000000e5f00000)
 Metaspace       used 87207K, capacity 93952K, committed 94208K, reserved 1130496K
  class space    used 10897K, capacity 12986K, committed 13056K, reserved 1048576K
GC Heap History (10 events):
Event: 5.287 GC heap before
{Heap before GC invocations=15 (full 3):
 PSYoungGen      total 89088K, used 83230K [0x00000000f5580000, 0x00000000fdb00000, 0x0000000100000000)
  eden space 67584K, 100% used [0x00000000f5580000,0x00000000f9780000,0x00000000f9780000)
  from space 21504K, 72% used [0x00000000f9780000,0x00000000fa6c79c8,0x00000000fac80000)
  to   space 22016K, 0% used [0x00000000fc580000,0x00000000fc580000,0x00000000fdb00000)
 ParOldGen       total 97280K, used 33717K [0x00000000e0000000, 0x00000000e5f00000, 0x00000000f5580000)
  object space 97280K, 34% used [0x00000000e0000000,0x00000000e20ed790,0x00000000e5f00000)
 Metaspace       used 68751K, capacity 74664K, committed 74752K, reserved 1114112K
  class space    used 8667K, capacity 10460K, committed 10496K, reserved 1048576K
Event: 5.296 GC heap after
Heap after GC invocations=15 (full 3):
 PSYoungGen      total 111104K, used 22008K [0x00000000f5580000, 0x00000000fdf80000, 0x0000000100000000)
  eden space 89088K, 0% used [0x00000000f5580000,0x00000000f5580000,0x00000000fac80000)
  from space 22016K, 99% used [0x00000000fc580000,0x00000000fdafe218,0x00000000fdb00000)
  to   space 25600K, 0% used [0x00000000fac80000,0x00000000fac80000,0x00000000fc580000)
 ParOldGen       total 97280K, used 35560K [0x00000000e0000000, 0x00000000e5f00000, 0x00000000f5580000)
  object space 97280K, 36% used [0x00000000e0000000,0x00000000e22ba148,0x00000000e5f00000)
 Metaspace       used 68751K, capacity 74664K, committed 74752K, reserved 1114112K
  class space    used 8667K, capacity 10460K, committed 10496K, reserved 1048576K
}
Event: 66.771 GC heap before
{Heap before GC invocations=16 (full 3):
 PSYoungGen      total 111104K, used 111096K [0x00000000f5580000, 0x00000000fdf80000, 0x0000000100000000)
  eden space 89088K, 100% used [0x00000000f5580000,0x00000000fac80000,0x00000000fac80000)
  from space 22016K, 99% used [0x00000000fc580000,0x00000000fdafe218,0x00000000fdb00000)
  to   space 25600K, 0% used [0x00000000fac80000,0x00000000fac80000,0x00000000fc580000)
 ParOldGen       total 97280K, used 35560K [0x00000000e0000000, 0x00000000e5f00000, 0x00000000f5580000)
  object space 97280K, 36% used [0x00000000e0000000,0x00000000e22ba148,0x00000000e5f00000)
 Metaspace       used 73880K, capacity 79934K, committed 80000K, reserved 1118208K
  class space    used 9259K, capacity 11115K, committed 11136K, reserved 1048576K
Event: 66.781 GC heap after
Heap after GC invocations=16 (full 3):
 PSYoungGen      total 114688K, used 25599K [0x00000000f5580000, 0x0000000100000000, 0x0000000100000000)
  eden space 89088K, 0% used [0x00000000f5580000,0x00000000f5580000,0x00000000fac80000)
  from space 25600K, 99% used [0x00000000fac80000,0x00000000fc57fe20,0x00000000fc580000)
  to   space 29696K, 0% used [0x00000000fe300000,0x00000000fe300000,0x0000000100000000)
 ParOldGen       total 97280K, used 36286K [0x00000000e0000000, 0x00000000e5f00000, 0x00000000f5580000)
  object space 97280K, 37% used [0x00000000e0000000,0x00000000e236fa40,0x00000000e5f00000)
 Metaspace       used 73880K, capacity 79934K, committed 80000K, reserved 1118208K
  class space    used 9259K, capacity 11115K, committed 11136K, reserved 1048576K
}
Event: 125.740 GC heap before
{Heap before GC invocations=17 (full 3):
 PSYoungGen      total 114688K, used 114687K [0x00000000f5580000, 0x0000000100000000, 0x0000000100000000)
  eden space 89088K, 100% used [0x00000000f5580000,0x00000000fac80000,0x00000000fac80000)
  from space 25600K, 99% used [0x00000000fac80000,0x00000000fc57fe20,0x00000000fc580000)
  to   space 29696K, 0% used [0x00000000fe300000,0x00000000fe300000,0x0000000100000000)
 ParOldGen       total 97280K, used 36286K [0x00000000e0000000, 0x00000000e5f00000, 0x00000000f5580000)
  object space 97280K, 37% used [0x00000000e0000000,0x00000000e236fa40,0x00000000e5f00000)
 Metaspace       used 81576K, capacity 88052K, committed 88192K, reserved 1124352K
  class space    used 10332K, capacity 12388K, committed 12416K, reserved 1048576K
Event: 125.754 GC heap after
Heap after GC invocations=17 (full 3):
 PSYoungGen      total 137728K, used 19793K [0x00000000f5580000, 0x00000000ffd00000, 0x0000000100000000)
  eden space 111104K, 0% used [0x00000000f5580000,0x00000000f5580000,0x00000000fc200000)
  from space 26624K, 74% used [0x00000000fe300000,0x00000000ff654538,0x00000000ffd00000)
  to   space 30208K, 0% used [0x00000000fc200000,0x00000000fc200000,0x00000000fdf80000)
 ParOldGen       total 97280K, used 50646K [0x00000000e0000000, 0x00000000e5f00000, 0x00000000f5580000)
  object space 97280K, 52% used [0x00000000e0000000,0x00000000e3175988,0x00000000e5f00000)
 Metaspace       used 81576K, capacity 88052K, committed 88192K, reserved 1124352K
  class space    used 10332K, capacity 12388K, committed 12416K, reserved 1048576K
}
Event: 205.076 GC heap before
{Heap before GC invocations=18 (full 3):
 PSYoungGen      total 137728K, used 130897K [0x00000000f5580000, 0x00000000ffd00000, 0x0000000100000000)
  eden space 111104K, 100% used [0x00000000f5580000,0x00000000fc200000,0x00000000fc200000)
  from space 26624K, 74% used [0x00000000fe300000,0x00000000ff654538,0x00000000ffd00000)
  to   space 30208K, 0% used [0x00000000fc200000,0x00000000fc200000,0x00000000fdf80000)
 ParOldGen       total 97280K, used 50646K [0x00000000e0000000, 0x00000000e5f00000, 0x00000000f5580000)
  object space 97280K, 52% used [0x00000000e0000000,0x00000000e3175988,0x00000000e5f00000)
 Metaspace       used 84796K, capacity 91434K, committed 91648K, reserved 1128448K
  class space    used 10710K, capacity 12786K, committed 12800K, reserved 1048576K
Event: 205.085 GC heap after
Heap after GC invocations=18 (full 3):
 PSYoungGen      total 141312K, used 21587K [0x00000000f5580000, 0x0000000100000000, 0x0000000100000000)
  eden space 111104K, 0% used [0x00000000f5580000,0x00000000f5580000,0x00000000fc200000)
  from space 30208K, 71% used [0x00000000fc200000,0x00000000fd714fe8,0x00000000fdf80000)
  to   space 31232K, 0% used [0x00000000fe180000,0x00000000fe180000,0x0000000100000000)
 ParOldGen       total 97280K, used 50654K [0x00000000e0000000, 0x00000000e5f00000, 0x00000000f5580000)
  object space 97280K, 52% used [0x00000000e0000000,0x00000000e3177988,0x00000000e5f00000)
 Metaspace       used 84796K, capacity 91434K, committed 91648K, reserved 1128448K
  class space    used 10710K, capacity 12786K, committed 12800K, reserved 1048576K
}
Event: 313.758 GC heap before
{Heap before GC invocations=19 (full 3):
 PSYoungGen      total 141312K, used 132691K [0x00000000f5580000, 0x0000000100000000, 0x0000000100000000)
  eden space 111104K, 100% used [0x00000000f5580000,0x00000000fc200000,0x00000000fc200000)
  from space 30208K, 71% used [0x00000000fc200000,0x00000000fd714fe8,0x00000000fdf80000)
  to   space 31232K, 0% used [0x00000000fe180000,0x00000000fe180000,0x0000000100000000)
 ParOldGen       total 97280K, used 50654K [0x00000000e0000000, 0x00000000e5f00000, 0x00000000f5580000)
  object space 97280K, 52% used [0x00000000e0000000,0x00000000e3177988,0x00000000e5f00000)
 Metaspace       used 86422K, capacity 93296K, committed 93568K, reserved 1130496K
  class space    used 10815K, capacity 12916K, committed 12928K, reserved 1048576K
Event: 313.765 GC heap after
Heap after GC invocations=19 (full 3):
 PSYoungGen      total 142336K, used 20563K [0x00000000f5580000, 0x0000000100000000, 0x0000000100000000)
  eden space 111104K, 0% used [0x00000000f5580000,0x00000000f5580000,0x00000000fc200000)
  from space 31232K, 65% used [0x00000000fe180000,0x00000000ff594ef8,0x0000000100000000)
  to   space 31744K, 0% used [0x00000000fc200000,0x00000000fc200000,0x00000000fe100000)
 ParOldGen       total 97280K, used 50662K [0x00000000e0000000, 0x00000000e5f00000, 0x00000000f5580000)
  object space 97280K, 52% used [0x00000000e0000000,0x00000000e3179988,0x00000000e5f00000)
 Metaspace       used 86422K, capacity 93296K, committed 93568K, reserved 1130496K
  class space    used 10815K, capacity 12916K, committed 12928K, reserved 1048576K
}

